<?xml version="1.0" encoding="UTF-8"?>
<robot generator="Robot 3.2.2 (Python 3.8.5 on win32)" generated="20210308 21:53:37.387" rpa="false">
<suite id="s1" name="TestCases" source="D:\GitHub\RobotFrameworkDemo\robot\TestCases">
<suite id="s1-s1" name="CAT1 facts without parameter" source="D:\GitHub\RobotFrameworkDemo\robot\TestCases\CAT1_facts_without_parameter.robot">
<test id="s1-s1-t1" name="Validate Base API call">
<kw name="Call Base API" library="keywords">
<doc>Calls base API and sets response as a suite variable.</doc>
<kw name="Run Keyword" library="BuiltIn">
<doc>Executes the given keyword with the given arguments.</doc>
<arguments>
<arg>Custom Call</arg>
</arguments>
<assign>
<var>${response}</var>
</assign>
<kw name="Custom Call" library="CatFacts">
<doc>Perform a custom call with base url and any additions</doc>
<status status="PASS" starttime="20210308 21:53:37.652" endtime="20210308 21:53:38.125"></status>
</kw>
<msg timestamp="20210308 21:53:38.126" level="INFO">${response} = &lt;Response [200]&gt;</msg>
<status status="PASS" starttime="20210308 21:53:37.651" endtime="20210308 21:53:38.126"></status>
</kw>
<kw name="Set Suite Variable" library="BuiltIn">
<doc>Makes a variable available everywhere within the scope of the current suite.</doc>
<arguments>
<arg>${response}</arg>
<arg>${response}</arg>
</arguments>
<msg timestamp="20210308 21:53:38.127" level="INFO">${response} = &lt;Response [200]&gt;</msg>
<status status="PASS" starttime="20210308 21:53:38.126" endtime="20210308 21:53:38.127"></status>
</kw>
<status status="PASS" starttime="20210308 21:53:37.651" endtime="20210308 21:53:38.127"></status>
</kw>
<kw name="Validate Response Codes" library="keywords">
<doc>this step validate the response code from suite variable response</doc>
<kw name="Variable Should Exist" library="BuiltIn">
<doc>Fails unless the given variable exists within the current scope.</doc>
<arguments>
<arg>${response}</arg>
<arg>Please set response first.</arg>
</arguments>
<status status="PASS" starttime="20210308 21:53:38.129" endtime="20210308 21:53:38.130"></status>
</kw>
<kw name="Set Variable" library="BuiltIn">
<doc>Returns the given values which can then be assigned to a variables.</doc>
<arguments>
<arg>${response.status_code}</arg>
</arguments>
<assign>
<var>${response_code}</var>
</assign>
<msg timestamp="20210308 21:53:38.131" level="INFO">${response_code} = 200</msg>
<status status="PASS" starttime="20210308 21:53:38.130" endtime="20210308 21:53:38.131"></status>
</kw>
<kw name="Set Variable If" library="BuiltIn">
<doc>Sets variable based on the given condition.</doc>
<arguments>
<arg>${response_code} != 200</arg>
<arg>Getting status with ${response.status_code} while fetching cat facts with parameter</arg>
<arg>${EMPTY}</arg>
</arguments>
<assign>
<var>${failedReason}</var>
</assign>
<msg timestamp="20210308 21:53:38.132" level="INFO">${failedReason} = </msg>
<status status="PASS" starttime="20210308 21:53:38.131" endtime="20210308 21:53:38.132"></status>
</kw>
<kw name="Should Be Empty" library="BuiltIn">
<doc>Verifies that the given item is empty.</doc>
<arguments>
<arg>${failedReason}</arg>
</arguments>
<msg timestamp="20210308 21:53:38.132" level="INFO">Length is 0</msg>
<status status="PASS" starttime="20210308 21:53:38.132" endtime="20210308 21:53:38.132"></status>
</kw>
<status status="PASS" starttime="20210308 21:53:38.128" endtime="20210308 21:53:38.133"></status>
</kw>
<kw name="Validate Response Header" library="keywords">
<doc>this step validate the headers from response header</doc>
<kw name="Variable Should Exist" library="BuiltIn">
<doc>Fails unless the given variable exists within the current scope.</doc>
<arguments>
<arg>${response}</arg>
<arg>Please set response first.</arg>
</arguments>
<status status="PASS" starttime="20210308 21:53:38.134" endtime="20210308 21:53:38.134"></status>
</kw>
<kw name="Set Variable" library="BuiltIn">
<doc>Returns the given values which can then be assigned to a variables.</doc>
<arguments>
<arg>${response.headers}</arg>
</arguments>
<assign>
<var>${header_response}</var>
</assign>
<msg timestamp="20210308 21:53:38.135" level="INFO">${header_response} = {'Server': 'Cowboy', 'Connection': 'keep-alive', 'X-Powered-By': 'Express', 'Access-Control-Allow-Origin': '*', 'Accept-Ranges': 'bytes', 'Cache-Control': 'public, max-age=0', 'Last-Modified': 'Fri, 1...</msg>
<status status="PASS" starttime="20210308 21:53:38.135" endtime="20210308 21:53:38.135"></status>
</kw>
<kw name="Set Variable" library="BuiltIn">
<doc>Returns the given values which can then be assigned to a variables.</doc>
<arguments>
<arg>${header_response['Content-Type']}</arg>
</arguments>
<assign>
<var>${content_type}</var>
</assign>
<msg timestamp="20210308 21:53:38.136" level="INFO">${content_type} = text/html; charset=UTF-8</msg>
<status status="PASS" starttime="20210308 21:53:38.136" endtime="20210308 21:53:38.136"></status>
</kw>
<kw name="Should Be True" library="BuiltIn">
<doc>Fails if the given condition is not true.</doc>
<arguments>
<arg>'''${content_type}''' == '''application/json; charset=utf-8''' or '''${content_type}''' == '''text/html; charset=UTF-8'''</arg>
<arg>invalid content type returned</arg>
</arguments>
<status status="PASS" starttime="20210308 21:53:38.136" endtime="20210308 21:53:38.137"></status>
</kw>
<status status="PASS" starttime="20210308 21:53:38.133" endtime="20210308 21:53:38.137"></status>
</kw>
<kw name="Set Suite Variable" library="BuiltIn">
<doc>Makes a variable available everywhere within the scope of the current suite.</doc>
<arguments>
<arg>${response}</arg>
<arg>${EMPTY}</arg>
</arguments>
<msg timestamp="20210308 21:53:38.139" level="INFO">${response} = </msg>
<status status="PASS" starttime="20210308 21:53:38.138" endtime="20210308 21:53:38.139"></status>
</kw>
<doc>Validates the base API is accessible</doc>
<tags>
<tag>CAT-1</tag>
<tag>DONE</tag>
<tag>P1</tag>
</tags>
<status status="PASS" starttime="20210308 21:53:37.642" endtime="20210308 21:53:38.140" critical="yes"></status>
</test>
<test id="s1-s1-t2" name="Validate Facts API">
<kw name="Retrieve And Query Facts" library="keywords">
<doc>Queries Fact URL</doc>
<kw name="Run Keyword" library="BuiltIn">
<doc>Executes the given keyword with the given arguments.</doc>
<arguments>
<arg>Custom Call</arg>
<arg>facts</arg>
</arguments>
<assign>
<var>${response}</var>
</assign>
<kw name="Custom Call" library="CatFacts">
<doc>Perform a custom call with base url and any additions</doc>
<arguments>
<arg>facts</arg>
</arguments>
<status status="PASS" starttime="20210308 21:53:38.145" endtime="20210308 21:53:38.526"></status>
</kw>
<msg timestamp="20210308 21:53:38.527" level="INFO">${response} = &lt;Response [200]&gt;</msg>
<status status="PASS" starttime="20210308 21:53:38.144" endtime="20210308 21:53:38.527"></status>
</kw>
<kw name="Set Suite Variable" library="BuiltIn">
<doc>Makes a variable available everywhere within the scope of the current suite.</doc>
<arguments>
<arg>${response}</arg>
<arg>${response}</arg>
</arguments>
<msg timestamp="20210308 21:53:38.528" level="INFO">${response} = &lt;Response [200]&gt;</msg>
<status status="PASS" starttime="20210308 21:53:38.527" endtime="20210308 21:53:38.528"></status>
</kw>
<status status="PASS" starttime="20210308 21:53:38.144" endtime="20210308 21:53:38.528"></status>
</kw>
<kw name="Validate Response Codes" library="keywords">
<doc>this step validate the response code from suite variable response</doc>
<kw name="Variable Should Exist" library="BuiltIn">
<doc>Fails unless the given variable exists within the current scope.</doc>
<arguments>
<arg>${response}</arg>
<arg>Please set response first.</arg>
</arguments>
<status status="PASS" starttime="20210308 21:53:38.530" endtime="20210308 21:53:38.531"></status>
</kw>
<kw name="Set Variable" library="BuiltIn">
<doc>Returns the given values which can then be assigned to a variables.</doc>
<arguments>
<arg>${response.status_code}</arg>
</arguments>
<assign>
<var>${response_code}</var>
</assign>
<msg timestamp="20210308 21:53:38.532" level="INFO">${response_code} = 200</msg>
<status status="PASS" starttime="20210308 21:53:38.531" endtime="20210308 21:53:38.532"></status>
</kw>
<kw name="Set Variable If" library="BuiltIn">
<doc>Sets variable based on the given condition.</doc>
<arguments>
<arg>${response_code} != 200</arg>
<arg>Getting status with ${response.status_code} while fetching cat facts with parameter</arg>
<arg>${EMPTY}</arg>
</arguments>
<assign>
<var>${failedReason}</var>
</assign>
<msg timestamp="20210308 21:53:38.533" level="INFO">${failedReason} = </msg>
<status status="PASS" starttime="20210308 21:53:38.532" endtime="20210308 21:53:38.533"></status>
</kw>
<kw name="Should Be Empty" library="BuiltIn">
<doc>Verifies that the given item is empty.</doc>
<arguments>
<arg>${failedReason}</arg>
</arguments>
<msg timestamp="20210308 21:53:38.534" level="INFO">Length is 0</msg>
<status status="PASS" starttime="20210308 21:53:38.533" endtime="20210308 21:53:38.534"></status>
</kw>
<status status="PASS" starttime="20210308 21:53:38.529" endtime="20210308 21:53:38.534"></status>
</kw>
<kw name="Validate Response Header" library="keywords">
<doc>this step validate the headers from response header</doc>
<kw name="Variable Should Exist" library="BuiltIn">
<doc>Fails unless the given variable exists within the current scope.</doc>
<arguments>
<arg>${response}</arg>
<arg>Please set response first.</arg>
</arguments>
<status status="PASS" starttime="20210308 21:53:38.535" endtime="20210308 21:53:38.536"></status>
</kw>
<kw name="Set Variable" library="BuiltIn">
<doc>Returns the given values which can then be assigned to a variables.</doc>
<arguments>
<arg>${response.headers}</arg>
</arguments>
<assign>
<var>${header_response}</var>
</assign>
<msg timestamp="20210308 21:53:38.537" level="INFO">${header_response} = {'Server': 'Cowboy', 'Connection': 'keep-alive', 'X-Powered-By': 'Express', 'Access-Control-Allow-Origin': '*', 'Content-Type': 'application/json; charset=utf-8', 'Content-Length': '1859', 'Etag': 'W/...</msg>
<status status="PASS" starttime="20210308 21:53:38.536" endtime="20210308 21:53:38.537"></status>
</kw>
<kw name="Set Variable" library="BuiltIn">
<doc>Returns the given values which can then be assigned to a variables.</doc>
<arguments>
<arg>${header_response['Content-Type']}</arg>
</arguments>
<assign>
<var>${content_type}</var>
</assign>
<msg timestamp="20210308 21:53:38.538" level="INFO">${content_type} = application/json; charset=utf-8</msg>
<status status="PASS" starttime="20210308 21:53:38.537" endtime="20210308 21:53:38.539"></status>
</kw>
<kw name="Should Be True" library="BuiltIn">
<doc>Fails if the given condition is not true.</doc>
<arguments>
<arg>'''${content_type}''' == '''application/json; charset=utf-8''' or '''${content_type}''' == '''text/html; charset=UTF-8'''</arg>
<arg>invalid content type returned</arg>
</arguments>
<status status="PASS" starttime="20210308 21:53:38.539" endtime="20210308 21:53:38.540"></status>
</kw>
<status status="PASS" starttime="20210308 21:53:38.535" endtime="20210308 21:53:38.540"></status>
</kw>
<kw name="Validate Response Data" library="keywords">
<doc>this step validate the attribute like 'type' &amp; '_id' from the response</doc>
<kw name="Variable Should Exist" library="BuiltIn">
<doc>Fails unless the given variable exists within the current scope.</doc>
<arguments>
<arg>${response}</arg>
<arg>Please set response first.</arg>
</arguments>
<status status="PASS" starttime="20210308 21:53:38.542" endtime="20210308 21:53:38.542"></status>
</kw>
<kw name="Set Variable" library="BuiltIn">
<doc>Returns the given values which can then be assigned to a variables.</doc>
<arguments>
<arg>${response.json()}</arg>
</arguments>
<assign>
<var>${response_data}</var>
</assign>
<msg timestamp="20210308 21:53:38.543" level="INFO">${response_data} = [{'status': {'verified': True, 'sentCount': 1}, 'type': 'cat', 'deleted': False, '_id': '58e008800aac31001185ed07', 'user': '58e007480aac31001185ecef', 'text': 'Wikipedia has a recording of a cat meow...</msg>
<status status="PASS" starttime="20210308 21:53:38.542" endtime="20210308 21:53:38.543"></status>
</kw>
<kw name="Log" library="BuiltIn">
<doc>Logs the given message with the given level.</doc>
<arguments>
<arg>${response_data}</arg>
</arguments>
<msg timestamp="20210308 21:53:38.544" level="INFO">[{'status': {'verified': True, 'sentCount': 1}, 'type': 'cat', 'deleted': False, '_id': '58e008800aac31001185ed07', 'user': '58e007480aac31001185ecef', 'text': 'Wikipedia has a recording of a cat meowing, because why not?', '__v': 0, 'source': 'user', 'updatedAt': '2020-08-23T20:20:01.611Z', 'createdAt': '2018-03-06T21:20:03.505Z', 'used': False}, {'status': {'verified': True, 'sentCount': 1}, 'type': 'cat', 'deleted': False, '_id': '58e008630aac31001185ed01', 'user': '58e007480aac31001185ecef', 'text': 'When cats grimace, they are usually "taste-scenting." They have an extra organ that, with some breathing control, allows the cats to taste-sense the air.', '__v': 0, 'source': 'user', 'updatedAt': '2020-08-23T20:20:01.611Z', 'createdAt': '2018-02-07T21:20:02.903Z', 'used': False}, {'status': {'verified': True, 'sentCount': 1}, 'type': 'cat', 'deleted': False, '_id': '58e00a090aac31001185ed16', 'user': '58e007480aac31001185ecef', 'text': 'Cats make more than 100 different sounds whereas dogs make around 10.', '__v': 0, 'source': 'user', 'updatedAt': '2020-08-23T20:20:01.611Z', 'createdAt': '2018-02-11T21:20:03.745Z', 'used': False}, {'status': {'verified': True, 'sentCount': 1}, 'type': 'cat', 'deleted': False, '_id': '58e009390aac31001185ed10', 'user': '58e007480aac31001185ecef', 'text': "Most cats are lactose intolerant, and milk can cause painful stomach cramps and diarrhea. It's best to forego the milk and just give your cat the standard: clean, cool drinking water.", '__v': 0, 'source': 'user', 'updatedAt': '2020-08-23T20:20:01.611Z', 'createdAt': '2018-03-04T21:20:02.979Z', 'used': False}, {'status': {'verified': True, 'sentCount': 1}, 'type': 'cat', 'deleted': False, '_id': '58e008780aac31001185ed05', 'user': '58e007480aac31001185ecef', 'text': 'Owning a cat can reduce the risk of stroke and heart attack by a third.', '__v': 0, 'source': 'user', 'updatedAt': '2020-08-23T20:20:01.611Z', 'createdAt': '2018-03-29T20:20:03.844Z', 'used': False}]</msg>
<status status="PASS" starttime="20210308 21:53:38.543" endtime="20210308 21:53:38.544"></status>
</kw>
<kw name="Evaluate" library="BuiltIn">
<doc>Evaluates the given expression in Python and returns the result.</doc>
<arguments>
<arg>len(${response_data})</arg>
</arguments>
<assign>
<var>${count}</var>
</assign>
<msg timestamp="20210308 21:53:38.545" level="INFO">${count} = 5</msg>
<status status="PASS" starttime="20210308 21:53:38.544" endtime="20210308 21:53:38.546"></status>
</kw>
<kw name="${index} IN RANGE [ 0 | ${count} ]" type="for">
<kw name="${index} = 0" type="foritem">
<kw name="Set Variable" library="BuiltIn">
<doc>Returns the given values which can then be assigned to a variables.</doc>
<arguments>
<arg>${response_data[${index}]['type']}</arg>
</arguments>
<assign>
<var>${type}</var>
</assign>
<msg timestamp="20210308 21:53:38.547" level="INFO">${type} = cat</msg>
<status status="PASS" starttime="20210308 21:53:38.546" endtime="20210308 21:53:38.547"></status>
</kw>
<kw name="Evaluate" library="BuiltIn">
<doc>Evaluates the given expression in Python and returns the result.</doc>
<arguments>
<arg>"${type}" in "${types_of_animal}"</arg>
</arguments>
<assign>
<var>${contains}</var>
</assign>
<msg timestamp="20210308 21:53:38.548" level="INFO">${contains} = True</msg>
<status status="PASS" starttime="20210308 21:53:38.547" endtime="20210308 21:53:38.548"></status>
</kw>
<kw name="Should Be True" library="BuiltIn">
<doc>Fails if the given condition is not true.</doc>
<arguments>
<arg>${contains}</arg>
<arg>attribute 'type' returned in reponse is not same as animal_type sent in the request</arg>
</arguments>
<status status="PASS" starttime="20210308 21:53:38.548" endtime="20210308 21:53:38.548"></status>
</kw>
<kw name="Should Match Regexp" library="BuiltIn">
<doc>Fails if ``string`` does not match ``pattern`` as a regular expression.</doc>
<arguments>
<arg>${response_data[${index}]['_id']}</arg>
<arg>^([a-zA-Z0-9])*$</arg>
<arg>invalid data type of attribute '_id'</arg>
</arguments>
<status status="PASS" starttime="20210308 21:53:38.549" endtime="20210308 21:53:38.550"></status>
</kw>
<status status="PASS" starttime="20210308 21:53:38.546" endtime="20210308 21:53:38.550"></status>
</kw>
<kw name="${index} = 1" type="foritem">
<kw name="Set Variable" library="BuiltIn">
<doc>Returns the given values which can then be assigned to a variables.</doc>
<arguments>
<arg>${response_data[${index}]['type']}</arg>
</arguments>
<assign>
<var>${type}</var>
</assign>
<msg timestamp="20210308 21:53:38.551" level="INFO">${type} = cat</msg>
<status status="PASS" starttime="20210308 21:53:38.550" endtime="20210308 21:53:38.551"></status>
</kw>
<kw name="Evaluate" library="BuiltIn">
<doc>Evaluates the given expression in Python and returns the result.</doc>
<arguments>
<arg>"${type}" in "${types_of_animal}"</arg>
</arguments>
<assign>
<var>${contains}</var>
</assign>
<msg timestamp="20210308 21:53:38.552" level="INFO">${contains} = True</msg>
<status status="PASS" starttime="20210308 21:53:38.551" endtime="20210308 21:53:38.552"></status>
</kw>
<kw name="Should Be True" library="BuiltIn">
<doc>Fails if the given condition is not true.</doc>
<arguments>
<arg>${contains}</arg>
<arg>attribute 'type' returned in reponse is not same as animal_type sent in the request</arg>
</arguments>
<status status="PASS" starttime="20210308 21:53:38.552" endtime="20210308 21:53:38.552"></status>
</kw>
<kw name="Should Match Regexp" library="BuiltIn">
<doc>Fails if ``string`` does not match ``pattern`` as a regular expression.</doc>
<arguments>
<arg>${response_data[${index}]['_id']}</arg>
<arg>^([a-zA-Z0-9])*$</arg>
<arg>invalid data type of attribute '_id'</arg>
</arguments>
<status status="PASS" starttime="20210308 21:53:38.552" endtime="20210308 21:53:38.553"></status>
</kw>
<status status="PASS" starttime="20210308 21:53:38.550" endtime="20210308 21:53:38.553"></status>
</kw>
<kw name="${index} = 2" type="foritem">
<kw name="Set Variable" library="BuiltIn">
<doc>Returns the given values which can then be assigned to a variables.</doc>
<arguments>
<arg>${response_data[${index}]['type']}</arg>
</arguments>
<assign>
<var>${type}</var>
</assign>
<msg timestamp="20210308 21:53:38.554" level="INFO">${type} = cat</msg>
<status status="PASS" starttime="20210308 21:53:38.553" endtime="20210308 21:53:38.554"></status>
</kw>
<kw name="Evaluate" library="BuiltIn">
<doc>Evaluates the given expression in Python and returns the result.</doc>
<arguments>
<arg>"${type}" in "${types_of_animal}"</arg>
</arguments>
<assign>
<var>${contains}</var>
</assign>
<msg timestamp="20210308 21:53:38.555" level="INFO">${contains} = True</msg>
<status status="PASS" starttime="20210308 21:53:38.554" endtime="20210308 21:53:38.555"></status>
</kw>
<kw name="Should Be True" library="BuiltIn">
<doc>Fails if the given condition is not true.</doc>
<arguments>
<arg>${contains}</arg>
<arg>attribute 'type' returned in reponse is not same as animal_type sent in the request</arg>
</arguments>
<status status="PASS" starttime="20210308 21:53:38.555" endtime="20210308 21:53:38.556"></status>
</kw>
<kw name="Should Match Regexp" library="BuiltIn">
<doc>Fails if ``string`` does not match ``pattern`` as a regular expression.</doc>
<arguments>
<arg>${response_data[${index}]['_id']}</arg>
<arg>^([a-zA-Z0-9])*$</arg>
<arg>invalid data type of attribute '_id'</arg>
</arguments>
<status status="PASS" starttime="20210308 21:53:38.557" endtime="20210308 21:53:38.558"></status>
</kw>
<status status="PASS" starttime="20210308 21:53:38.553" endtime="20210308 21:53:38.558"></status>
</kw>
<kw name="${index} = 3" type="foritem">
<kw name="Set Variable" library="BuiltIn">
<doc>Returns the given values which can then be assigned to a variables.</doc>
<arguments>
<arg>${response_data[${index}]['type']}</arg>
</arguments>
<assign>
<var>${type}</var>
</assign>
<msg timestamp="20210308 21:53:38.559" level="INFO">${type} = cat</msg>
<status status="PASS" starttime="20210308 21:53:38.558" endtime="20210308 21:53:38.559"></status>
</kw>
<kw name="Evaluate" library="BuiltIn">
<doc>Evaluates the given expression in Python and returns the result.</doc>
<arguments>
<arg>"${type}" in "${types_of_animal}"</arg>
</arguments>
<assign>
<var>${contains}</var>
</assign>
<msg timestamp="20210308 21:53:38.559" level="INFO">${contains} = True</msg>
<status status="PASS" starttime="20210308 21:53:38.559" endtime="20210308 21:53:38.560"></status>
</kw>
<kw name="Should Be True" library="BuiltIn">
<doc>Fails if the given condition is not true.</doc>
<arguments>
<arg>${contains}</arg>
<arg>attribute 'type' returned in reponse is not same as animal_type sent in the request</arg>
</arguments>
<status status="PASS" starttime="20210308 21:53:38.560" endtime="20210308 21:53:38.560"></status>
</kw>
<kw name="Should Match Regexp" library="BuiltIn">
<doc>Fails if ``string`` does not match ``pattern`` as a regular expression.</doc>
<arguments>
<arg>${response_data[${index}]['_id']}</arg>
<arg>^([a-zA-Z0-9])*$</arg>
<arg>invalid data type of attribute '_id'</arg>
</arguments>
<status status="PASS" starttime="20210308 21:53:38.560" endtime="20210308 21:53:38.561"></status>
</kw>
<status status="PASS" starttime="20210308 21:53:38.558" endtime="20210308 21:53:38.561"></status>
</kw>
<kw name="${index} = 4" type="foritem">
<kw name="Set Variable" library="BuiltIn">
<doc>Returns the given values which can then be assigned to a variables.</doc>
<arguments>
<arg>${response_data[${index}]['type']}</arg>
</arguments>
<assign>
<var>${type}</var>
</assign>
<msg timestamp="20210308 21:53:38.562" level="INFO">${type} = cat</msg>
<status status="PASS" starttime="20210308 21:53:38.561" endtime="20210308 21:53:38.562"></status>
</kw>
<kw name="Evaluate" library="BuiltIn">
<doc>Evaluates the given expression in Python and returns the result.</doc>
<arguments>
<arg>"${type}" in "${types_of_animal}"</arg>
</arguments>
<assign>
<var>${contains}</var>
</assign>
<msg timestamp="20210308 21:53:38.562" level="INFO">${contains} = True</msg>
<status status="PASS" starttime="20210308 21:53:38.562" endtime="20210308 21:53:38.562"></status>
</kw>
<kw name="Should Be True" library="BuiltIn">
<doc>Fails if the given condition is not true.</doc>
<arguments>
<arg>${contains}</arg>
<arg>attribute 'type' returned in reponse is not same as animal_type sent in the request</arg>
</arguments>
<status status="PASS" starttime="20210308 21:53:38.562" endtime="20210308 21:53:38.563"></status>
</kw>
<kw name="Should Match Regexp" library="BuiltIn">
<doc>Fails if ``string`` does not match ``pattern`` as a regular expression.</doc>
<arguments>
<arg>${response_data[${index}]['_id']}</arg>
<arg>^([a-zA-Z0-9])*$</arg>
<arg>invalid data type of attribute '_id'</arg>
</arguments>
<status status="PASS" starttime="20210308 21:53:38.563" endtime="20210308 21:53:38.563"></status>
</kw>
<status status="PASS" starttime="20210308 21:53:38.561" endtime="20210308 21:53:38.563"></status>
</kw>
<status status="PASS" starttime="20210308 21:53:38.546" endtime="20210308 21:53:38.563"></status>
</kw>
<status status="PASS" starttime="20210308 21:53:38.541" endtime="20210308 21:53:38.563"></status>
</kw>
<doc>Validates retrieving and querying facts API without parameters</doc>
<tags>
<tag>CAT-1</tag>
<tag>DONE</tag>
<tag>P1</tag>
</tags>
<status status="PASS" starttime="20210308 21:53:38.142" endtime="20210308 21:53:38.564" critical="yes"></status>
</test>
<status status="PASS" starttime="20210308 21:53:37.441" endtime="20210308 21:53:38.566"></status>
</suite>
<suite id="s1-s2" name="CAT2 facts with parameters" source="D:\GitHub\RobotFrameworkDemo\robot\TestCases\CAT2_facts_with_parameters.robot">
<test id="s1-s2-t1" name="Validate Querying Facts With Parameters">
<kw name="Query Facts" library="keywords">
<doc>Retrieves the animal facts by calling python method "get_facts" of CatFacts class</doc>
<arguments>
<arg>${animal_type}</arg>
<arg>${amount}</arg>
</arguments>
<kw name="Run Keyword" library="BuiltIn">
<doc>Executes the given keyword with the given arguments.</doc>
<arguments>
<arg>Get Facts</arg>
<arg>${animal_type}</arg>
<arg>${amount}</arg>
</arguments>
<assign>
<var>${response}</var>
</assign>
<kw name="Get Facts" library="CatFacts">
<doc>Retrieve facts about the animals by providing animal_type and amount as the input parameter
:param animal_type: a string of data sent
:param amount: an integer value maximum limit of 500
:return response: The response from the request</doc>
<arguments>
<arg>${animal_type}</arg>
<arg>${amount}</arg>
</arguments>
<status status="PASS" starttime="20210308 21:53:38.587" endtime="20210308 21:53:39.631"></status>
</kw>
<msg timestamp="20210308 21:53:39.632" level="INFO">${response} = &lt;Response [200]&gt;</msg>
<status status="PASS" starttime="20210308 21:53:38.587" endtime="20210308 21:53:39.632"></status>
</kw>
<kw name="Set Suite Variable" library="BuiltIn">
<doc>Makes a variable available everywhere within the scope of the current suite.</doc>
<arguments>
<arg>${response}</arg>
<arg>${response}</arg>
</arguments>
<msg timestamp="20210308 21:53:39.633" level="INFO">${response} = &lt;Response [200]&gt;</msg>
<status status="PASS" starttime="20210308 21:53:39.632" endtime="20210308 21:53:39.633"></status>
</kw>
<status status="PASS" starttime="20210308 21:53:38.587" endtime="20210308 21:53:39.633"></status>
</kw>
<kw name="Validate Response Codes" library="keywords">
<doc>this step validate the response code from suite variable response</doc>
<kw name="Variable Should Exist" library="BuiltIn">
<doc>Fails unless the given variable exists within the current scope.</doc>
<arguments>
<arg>${response}</arg>
<arg>Please set response first.</arg>
</arguments>
<status status="PASS" starttime="20210308 21:53:39.635" endtime="20210308 21:53:39.636"></status>
</kw>
<kw name="Set Variable" library="BuiltIn">
<doc>Returns the given values which can then be assigned to a variables.</doc>
<arguments>
<arg>${response.status_code}</arg>
</arguments>
<assign>
<var>${response_code}</var>
</assign>
<msg timestamp="20210308 21:53:39.637" level="INFO">${response_code} = 200</msg>
<status status="PASS" starttime="20210308 21:53:39.636" endtime="20210308 21:53:39.637"></status>
</kw>
<kw name="Set Variable If" library="BuiltIn">
<doc>Sets variable based on the given condition.</doc>
<arguments>
<arg>${response_code} != 200</arg>
<arg>Getting status with ${response.status_code} while fetching cat facts with parameter</arg>
<arg>${EMPTY}</arg>
</arguments>
<assign>
<var>${failedReason}</var>
</assign>
<msg timestamp="20210308 21:53:39.638" level="INFO">${failedReason} = </msg>
<status status="PASS" starttime="20210308 21:53:39.637" endtime="20210308 21:53:39.639"></status>
</kw>
<kw name="Should Be Empty" library="BuiltIn">
<doc>Verifies that the given item is empty.</doc>
<arguments>
<arg>${failedReason}</arg>
</arguments>
<msg timestamp="20210308 21:53:39.639" level="INFO">Length is 0</msg>
<status status="PASS" starttime="20210308 21:53:39.639" endtime="20210308 21:53:39.639"></status>
</kw>
<status status="PASS" starttime="20210308 21:53:39.634" endtime="20210308 21:53:39.640"></status>
</kw>
<kw name="Validate Response Header" library="keywords">
<doc>this step validate the headers from response header</doc>
<kw name="Variable Should Exist" library="BuiltIn">
<doc>Fails unless the given variable exists within the current scope.</doc>
<arguments>
<arg>${response}</arg>
<arg>Please set response first.</arg>
</arguments>
<status status="PASS" starttime="20210308 21:53:39.641" endtime="20210308 21:53:39.641"></status>
</kw>
<kw name="Set Variable" library="BuiltIn">
<doc>Returns the given values which can then be assigned to a variables.</doc>
<arguments>
<arg>${response.headers}</arg>
</arguments>
<assign>
<var>${header_response}</var>
</assign>
<msg timestamp="20210308 21:53:39.642" level="INFO">${header_response} = {'Server': 'Cowboy', 'Connection': 'keep-alive', 'X-Powered-By': 'Express', 'Access-Control-Allow-Origin': '*', 'Content-Type': 'application/json; charset=utf-8', 'Content-Length': '34697', 'Etag': 'W...</msg>
<status status="PASS" starttime="20210308 21:53:39.642" endtime="20210308 21:53:39.642"></status>
</kw>
<kw name="Set Variable" library="BuiltIn">
<doc>Returns the given values which can then be assigned to a variables.</doc>
<arguments>
<arg>${header_response['Content-Type']}</arg>
</arguments>
<assign>
<var>${content_type}</var>
</assign>
<msg timestamp="20210308 21:53:39.643" level="INFO">${content_type} = application/json; charset=utf-8</msg>
<status status="PASS" starttime="20210308 21:53:39.643" endtime="20210308 21:53:39.643"></status>
</kw>
<kw name="Should Be True" library="BuiltIn">
<doc>Fails if the given condition is not true.</doc>
<arguments>
<arg>'''${content_type}''' == '''application/json; charset=utf-8''' or '''${content_type}''' == '''text/html; charset=UTF-8'''</arg>
<arg>invalid content type returned</arg>
</arguments>
<status status="PASS" starttime="20210308 21:53:39.643" endtime="20210308 21:53:39.644"></status>
</kw>
<status status="PASS" starttime="20210308 21:53:39.640" endtime="20210308 21:53:39.644"></status>
</kw>
<kw name="Validate Response Data" library="keywords">
<doc>this step validate the attribute like 'type' &amp; '_id' from the response</doc>
<kw name="Variable Should Exist" library="BuiltIn">
<doc>Fails unless the given variable exists within the current scope.</doc>
<arguments>
<arg>${response}</arg>
<arg>Please set response first.</arg>
</arguments>
<status status="PASS" starttime="20210308 21:53:39.646" endtime="20210308 21:53:39.646"></status>
</kw>
<kw name="Set Variable" library="BuiltIn">
<doc>Returns the given values which can then be assigned to a variables.</doc>
<arguments>
<arg>${response.json()}</arg>
</arguments>
<assign>
<var>${response_data}</var>
</assign>
<msg timestamp="20210308 21:53:39.649" level="INFO">${response_data} = [{'status': {'verified': None, 'sentCount': 0}, 'type': 'cat', 'deleted': False, '_id': '5fd56d44b3fb8b0017357187', 'user': '5fd56c8db3fb8b0017357163', 'text': "Hissing is defensive, not aggressive, s...</msg>
<status status="PASS" starttime="20210308 21:53:39.646" endtime="20210308 21:53:39.649"></status>
</kw>
<kw name="Log" library="BuiltIn">
<doc>Logs the given message with the given level.</doc>
<arguments>
<arg>${response_data}</arg>
</arguments>
<msg timestamp="20210308 21:53:39.651" level="INFO">[{'status': {'verified': None, 'sentCount': 0}, 'type': 'cat', 'deleted': False, '_id': '5fd56d44b3fb8b0017357187', 'user': '5fd56c8db3fb8b0017357163', 'text': "Hissing is defensive, not aggressive, says Wilde. “It’s an expression of fear, stress or discomfort of a threatened cat communicating ‘stay away,'” she says.", 'createdAt': '2020-12-13T01:24:20.613Z', 'updatedAt': '2020-12-13T01:24:20.613Z', '__v': 0}, {'status': {'verified': True, 'sentCount': 1}, 'type': 'cat', 'deleted': False, '_id': '5a038d5a8e3dbc001f719791', 'updatedAt': '2020-08-23T20:20:01.611Z', 'createdAt': '2018-02-02T21:20:03.277Z', 'user': '5a9ac18c7478810ea6c06381', 'text': 'Cats have 38 chromosomes in each zygote cell.', 'source': 'user', '__v': 0, 'used': False}, {'status': {'verified': True, 'sentCount': 1}, 'type': 'cat', 'deleted': False, '_id': '591f98783b90f7150a19c1db', '__v': 0, 'text': "The Maine Coon cat is America's only natural breed of domestic feline. It is 4 to 5 times larger than the Singapura, the smallest breed of cat.", 'source': 'api', 'updatedAt': '2020-08-23T20:20:01.611Z', 'createdAt': '2018-01-04T01:10:54.673Z', 'used': False, 'user': '5a9ac18c7478810ea6c06381'}, {'status': {'verified': None, 'sentCount': 0}, 'type': 'cat', 'deleted': False, '_id': '5fd7a8445fe0c10017449f20', 'user': '5fd7a82a5fe0c10017449f1f', 'text': 'Cats are great!.', 'createdAt': '2020-12-14T18:00:36.808Z', 'updatedAt': '2020-12-14T18:00:36.808Z', '__v': 0}, {'status': {'verified': None, 'sentCount': 0}, 'type': 'cat', 'deleted': False, '_id': '5f59a3142fff800017217f3e', 'used': False, 'source': 'user', 'user': '5f59a2f82fff800017217f3d', 'text': 'Pepper.', 'createdAt': '2020-09-10T03:52:52.515Z', 'updatedAt': '2020-09-10T03:52:52.515Z', '__v': 0}, {'status': {'verified': True, 'sentCount': 1}, 'type': 'cat', 'deleted': False, '_id': '5b01a447c6914f0014cc9a30', 'updatedAt': '2020-08-23T20:20:01.611Z', 'createdAt': '2018-05-20T20:20:02.803Z', 'user': '5a9ac18c7478810ea6c06381', 'text': "The special sensory organ called the Jacobson's organ allows a cat to have 14 times the sense of smell of a human. It consists of two fluid-filled sacs that connect to the cat's nasal cavity and is located on the roof of their mouth behind their teeth.", 'source': 'user', '__v': 0, 'used': False}, {'status': {'verified': True, 'sentCount': 1}, 'type': 'cat', 'deleted': False, '_id': '5b1b4014841d9700146158d0', 'updatedAt': '2020-08-23T20:20:01.611Z', 'createdAt': '2018-06-10T20:20:02.436Z', 'user': '5a9ac18c7478810ea6c06381', 'text': 'In 1879, Belgium unsuccessfully tried to use cats to deliver mail.', 'source': 'user', '__v': 0, 'used': False}, {'status': {'verified': True, 'sentCount': 1}, 'type': 'cat', 'deleted': False, '_id': '5a038dae8e3dbc001f719792', 'updatedAt': '2020-08-23T20:20:01.611Z', 'createdAt': '2018-02-03T21:20:03.815Z', 'user': '5a9ac18c7478810ea6c06381', 'text': "Cucumbers look enough like a snake to cause a cat's instinctive fear of snakes to kick in, causing it to panic and flee.", 'source': 'user', '__v': 0, 'used': False}, {'status': {'verified': True, 'sentCount': 1}, 'type': 'cat', 'deleted': False, '_id': '58e008780aac31001185ed05', 'user': '58e007480aac31001185ecef', 'text': 'Owning a cat can reduce the risk of stroke and heart attack by a third.', '__v': 0, 'source': 'user', 'updatedAt': '2020-08-23T20:20:01.611Z', 'createdAt': '2018-03-29T20:20:03.844Z', 'used': False}, {'status': {'verified': None, 'sentCount': 0}, 'type': 'cat', 'deleted': False, '_id': '5fcd2e6e8b7d430017c67e77', 'used': False, 'source': 'user', 'user': '5fcd2e1a8b7d430017c67e76', 'text': 'Are o no.', 'createdAt': '2020-12-06T19:18:06.932Z', 'updatedAt': '2020-12-06T19:18:06.932Z', '__v': 0}, {'status': {'verified': True, 'sentCount': 1}, 'type': 'cat', 'deleted': False, '_id': '591f7aab0cf1d60ee8afcd61', '__v': 0, 'text': "A cat's brain is more similar to a man's brain than that of a dog.", 'source': 'api', 'updatedAt': '2020-08-23T20:20:01.611Z', 'createdAt': '2018-01-04T01:10:54.673Z', 'used': False, 'user': '5a9ac18c7478810ea6c06381'}, {'status': {'verified': True, 'sentCount': 1}, 'type': 'cat', 'deleted': False, '_id': '5a456246255f4b0021f54c04', 'updatedAt': '2020-08-23T20:20:01.611Z', 'createdAt': '2018-01-25T21:20:05.232Z', 'user': '5a9ac18c7478810ea6c06381', 'text': 'A cat can die from essential oils', 'source': 'user', '__v': 0, 'used': False}, {'status': {'verified': True, 'sentCount': 1}, 'type': 'cat', 'deleted': False, '_id': '58e00ba00aac31001185edfa', 'user': '58e007480aac31001185ecef', 'text': "When cats leave their poop uncovered, it is a sign of aggression to let you know they don't fear you.", '__v': 0, 'source': 'user', 'updatedAt': '2020-08-23T20:20:01.611Z', 'createdAt': '2018-02-22T21:20:03.364Z', 'used': False}, {'status': {'verified': True, 'sentCount': 1}, 'type': 'cat', 'deleted': False, '_id': '591f97c48dec2e14e3c20afb', '__v': 0, 'text': 'The first breeding pair of Siamese cats arrived in England in 1884.', 'source': 'api', 'updatedAt': '2020-08-23T20:20:01.611Z', 'createdAt': '2018-01-04T01:10:54.673Z', 'used': False, 'user': '5a9ac18c7478810ea6c06381'}, {'status': {'verified': True, 'sentCount': 1}, 'type': 'cat', 'deleted': False, '_id': '5a0260d1134ec2001f032f98', 'updatedAt': '2020-08-23T20:20:01.611Z', 'createdAt': '2018-03-08T21:20:02.710Z', 'user': '5a9ac18c7478810ea6c06381', 'text': 'Cats, like dogs, are digitigrades. They walk directly on their toes, with the bones of their feet making up the lower part of the visible leg.', 'source': 'user', '__v': 0, 'used': False}, {'status': {'verified': True, 'sentCount': 1}, 'type': 'cat', 'deleted': False, '_id': '58e008450aac31001185ecfd', 'user': '58e007480aac31001185ecef', 'text': 'A cat was mayor of Talkeetna, Alaska, for 20 years. His name is Stubbs, and he died on July 23, 2017.', '__v': 0, 'source': 'user', 'updatedAt': '2020-08-23T20:20:01.611Z', 'createdAt': '2018-02-16T21:20:03.455Z', 'used': False}, {'status': {'verified': True, 'sentCount': 1}, 'type': 'cat', 'deleted': False, '_id': '591f9854c5cbe314f7a7ad33', '__v': 0, 'text': 'Normal body temperature for a cat is 102 degrees F.', 'source': 'api', 'updatedAt': '2020-08-23T20:20:01.611Z', 'createdAt': '2018-01-04T01:10:54.673Z', 'used': False, 'user': '5a9ac18c7478810ea6c06381'}, {'status': {'verified': None, 'sentCount': 0}, 'type': 'cat', 'deleted': False, '_id': '60198410376f26001790ef6e', 'user': '60198400376f26001790ef63', 'text': 'Asdasd.', 'createdAt': '2021-02-02T16:55:44.233Z', 'updatedAt': '2021-02-02T16:55:44.233Z', '__v': 0}, {'status': {'verified': None, 'sentCount': 0}, 'type': 'cat', 'deleted': False, '_id': '5fb9616b4b2f820017011383', 'used': False, 'source': 'user', 'user': '5fb9614d4b2f820017011382', 'text': 'Jghj.', 'createdAt': '2020-11-21T18:50:19.418Z', 'updatedAt': '2020-11-21T18:50:19.418Z', '__v': 0}, {'status': {'verified': True, 'sentCount': 1}, 'type': 'cat', 'deleted': False, '_id': '5b453e380fd3a600147f32f3', 'updatedAt': '2020-08-23T20:20:01.611Z', 'createdAt': '2018-07-12T20:20:06.141Z', 'user': '5a9ac18c7478810ea6c06381', 'text': 'Exposure to UV light with hairless or partially-hairless cats can result in sunburn, even during cloudy or shady conditions. If your cat risks overexposure, consider applying sunscreen daily.', 'source': 'user', '__v': 0, 'used': False}, {'status': {'verified': None, 'sentCount': 0}, 'type': 'cat', 'deleted': False, '_id': '5fd2190840aac40017e634df', 'used': False, 'source': 'user', 'user': '5fd2167c40aac40017e634dd', 'text': 'Cat fact test.', 'createdAt': '2020-12-10T12:48:08.588Z', 'updatedAt': '2020-12-10T12:48:08.588Z', '__v': 0}, {'status': {'verified': None, 'sentCount': 0}, 'type': 'cat', 'deleted': False, '_id': '5fd56ccfb3fb8b001735716d', 'user': '5fd56c8db3fb8b0017357163', 'text': 'Cats have whiskers on the backs of their front legs, as well.', 'createdAt': '2020-12-13T01:22:23.153Z', 'updatedAt': '2020-12-13T01:22:23.153Z', '__v': 0}, {'status': {'verified': True, 'sentCount': 1}, 'type': 'cat', 'deleted': False, '_id': '591f98783b90f7150a19c1ad', '__v': 0, 'text': 'The catnip plant contains an oil called hepetalactone which does for cats what marijuana does to some people. Not all cats react to it those that do appear to enter a trancelike state. A positive reaction takes the form of the cat sniffing the catnip, then licking, biting, chewing it, rub &amp; rolling on it repeatedly, purring, meowing &amp; even leaping in the air.', 'source': 'api', 'updatedAt': '2020-08-23T20:20:01.611Z', 'createdAt': '2018-04-20T20:27:41.961Z', 'used': False, 'user': '5a9ac18c7478810ea6c06381'}, {'status': {'verified': True, 'sentCount': 1}, 'type': 'cat', 'deleted': False, '_id': '58e00b970aac31001185edf9', 'user': '58e007480aac31001185ecef', 'text': 'A house cat is faster than Usain Bolt.', '__v': 0, 'source': 'user', 'updatedAt': '2020-09-05T20:20:02.015Z', 'createdAt': '2018-03-11T20:20:02.147Z', 'used': True}, {'status': {'verified': True, 'sentCount': 1}, 'type': 'cat', 'deleted': False, '_id': '591f97cc8dec2e14e3c20afd', '__v': 0, 'text': 'Blue-eyed, white cats are often prone to deafness.', 'source': 'api', 'updatedAt': '2020-08-23T20:20:01.611Z', 'createdAt': '2018-05-13T20:20:03.725Z', 'used': False, 'user': '5a9ac18c7478810ea6c06381'}, {'status': {'verified': None, 'sentCount': 0}, 'type': 'cat', 'deleted': False, '_id': '5f50610f5abf040017fb704e', 'used': False, 'source': 'user', 'user': '5f5061065abf040017fb704d', 'text': 'Cat.', 'createdAt': '2020-09-03T03:20:47.098Z', 'updatedAt': '2020-09-03T03:20:47.098Z', '__v': 0}, {'status': {'verified': True, 'sentCount': 1}, 'type': 'cat', 'deleted': False, '_id': '5b199196ce456e001424256a', 'updatedAt': '2020-09-17T20:20:02.087Z', 'createdAt': '2018-06-07T20:20:02.864Z', 'user': '5a9ac18c7478810ea6c06381', 'text': 'Cats can distinguish different flavors in water.', 'source': 'user', '__v': 0, 'used': True}, {'status': {'verified': True, 'sentCount': 1}, 'type': 'cat', 'deleted': False, '_id': '5974fb4dfedacb0020b5b4cc', 'user': '5a9ac18c7478810ea6c06381', 'text': 'Cats can survive falls from up to 65 feet or more.', 'source': 'user', '__v': 0, 'updatedAt': '2020-08-23T20:20:01.611Z', 'createdAt': '2018-03-24T20:20:04.221Z', 'used': False}, {'status': {'verified': True, 'sentCount': 1}, 'type': 'cat', 'deleted': False, '_id': '591f98883b90f7150a19c267', '__v': 0, 'text': 'Cat bites are more likely to become infected than dog bites.', 'source': 'api', 'updatedAt': '2020-08-23T20:20:01.611Z', 'createdAt': '2018-01-04T01:10:54.673Z', 'used': False, 'user': '5a9ac18c7478810ea6c06381'}, {'status': {'verified': True, 'sentCount': 1}, 'type': 'cat', 'deleted': False, '_id': '591f98d1d1f17a153828aade', '__v': 0, 'text': 'Cats have individual preferences for scratching surfaces and angles. Some are horizontal scratchers while others exercise their claws vertically.', 'source': 'api', 'updatedAt': '2020-08-23T20:20:01.611Z', 'createdAt': '2018-01-04T01:10:54.673Z', 'used': False, 'user': '5a9ac18c7478810ea6c06381'}, {'status': {'verified': True, 'sentCount': 1}, 'type': 'cat', 'deleted': False, '_id': '591f98803b90f7150a19c227', '__v': 0, 'text': 'A cat has more bones than a human; humans have 206, and the cat - 230.', 'source': 'api', 'updatedAt': '2020-08-23T20:20:01.611Z', 'createdAt': '2018-01-04T01:10:54.673Z', 'used': False, 'user': '5a9ac18c7478810ea6c06381'}, {'status': {'verified': True, 'sentCount': 1}, 'type': 'cat', 'deleted': False, '_id': '591f9890d369931519ce357c', '__v': 0, 'text': "The cheetah is the world's fastest land mammal. It can run at speeds of up to 70 miles an hour (113 kilometers an hour).", 'source': 'api', 'updatedAt': '2020-08-23T20:20:01.611Z', 'createdAt': '2018-01-04T01:10:54.673Z', 'used': False, 'user': '5a9ac18c7478810ea6c06381'}, {'status': {'verified': True, 'sentCount': 1}, 'type': 'cat', 'deleted': False, '_id': '5d38bcc00f1c57001592f153', 'source': 'user', 'user': '5a9ac18c7478810ea6c06381', 'text': 'The irresistable and cuddly Ragamuffin is the result of crossbreeding Ragdoll cats with Persians, Himalayans, and other larger longhaired breeds.', 'createdAt': '2019-07-24T20:17:04.878Z', 'updatedAt': '2020-08-23T20:20:01.611Z', '__v': 0, 'used': False}, {'status': {'verified': None, 'sentCount': 0}, 'type': 'cat', 'deleted': False, '_id': '5ece7253a0d2ec00178ae28c', 'used': False, 'source': 'user', 'user': '5eccdd64ba0a92001760e263', 'text': 'Cat is cat.', 'createdAt': '2020-05-27T13:59:47.759Z', 'updatedAt': '2020-08-23T20:20:01.611Z', '__v': 0}, {'status': {'verified': True, 'sentCount': 1}, 'type': 'cat', 'deleted': False, '_id': '5c3bba466bd7ea00141eff4f', 'updatedAt': '2020-08-23T20:20:01.611Z', 'createdAt': '2019-01-13T22:23:02.592Z', 'user': '5a9ac18c7478810ea6c06381', 'text': 'Approximately 80% of orange tabbies are male.', 'source': 'user', '__v': 0, 'used': False}, {'status': {'verified': True, 'sentCount': 1}, 'type': 'cat', 'deleted': False, '_id': '591f98448dec2e14e3c20b1d', '__v': 0, 'text': "Cat's urine glows under a black light.", 'source': 'api', 'updatedAt': '2020-08-23T20:20:01.611Z', 'createdAt': '2018-01-04T01:10:54.673Z', 'used': False, 'user': '5a9ac18c7478810ea6c06381'}, {'status': {'verified': True, 'sentCount': 1}, 'type': 'cat', 'deleted': False, '_id': '591f9890d369931519ce3541', '__v': 0, 'text': 'Blue-eyed, pure white cats are frequently deaf.', 'source': 'api', 'updatedAt': '2020-08-23T20:20:01.611Z', 'createdAt': '2018-01-04T01:10:54.673Z', 'used': False, 'user': '5a9ac18c7478810ea6c06381'}, {'status': {'verified': None, 'sentCount': 0}, 'type': 'cat', 'deleted': False, '_id': '60409eac10e356001752dce5', 'user': '60409e8f10e356001752dce3', 'text': "Cat can't eat chocolate.", 'createdAt': '2021-03-04T08:47:40.156Z', 'updatedAt': '2021-03-04T08:47:40.156Z', '__v': 0}, {'status': {'verified': True, 'sentCount': 1}, 'type': 'cat', 'deleted': False, '_id': '591f98703b90f7150a19c179', '__v': 0, 'text': "A cat's field of vision is about 200 degrees.", 'source': 'api', 'updatedAt': '2020-08-23T20:20:01.611Z', 'createdAt': '2018-01-04T01:10:54.673Z', 'used': False, 'user': '5a9ac18c7478810ea6c06381'}, {'status': {'verified': None, 'sentCount': 0}, 'type': 'cat', 'deleted': False, '_id': '5f3ced0d0c28e900174a4371', 'used': False, 'source': 'user', 'user': '5f3cecda0c28e900174a4370', 'text': 'The life expectancy of a cat that is living indoors is typically about 16.9 years, while the life expectancy of one living outdoors is 5.6 years.', 'createdAt': '2020-08-19T09:12:45.265Z', 'updatedAt': '2020-08-23T20:20:01.611Z', '__v': 0}, {'status': {'verified': True, 'sentCount': 1}, 'type': 'cat', 'deleted': False, '_id': '5a4bfdf8b0810f0021748b94', 'updatedAt': '2020-08-23T20:20:01.611Z', 'createdAt': '2018-01-19T21:20:03.274Z', 'user': '5a9ac18c7478810ea6c06381', 'text': 'Towser "The Mouser" of Glenturret Distillery in Crieff, Scotland, holds the Guinness World Record for the most mice caught (28,899).', 'source': 'user', '__v': 0, 'used': False}, {'status': {'verified': None, 'sentCount': 0}, 'type': 'cat', 'deleted': False, '_id': '602ea5373a3d59001732d2dd', 'user': '602ea3f53a3d59001732d29f', 'text': 'My cat is my friend.', 'createdAt': '2021-02-18T17:34:47.102Z', 'updatedAt': '2021-02-18T17:34:47.102Z', '__v': 0}, {'status': {'verified': True, 'sentCount': 1}, 'type': 'cat', 'deleted': False, '_id': '5a4aab322c99ee00219e11c5', 'updatedAt': '2020-08-23T20:20:01.611Z', 'createdAt': '2018-01-24T21:20:03.108Z', 'user': '5a9ac18c7478810ea6c06381', 'text': 'Cats have free-floating clavicle bones that attach their shoulders to their forelimbs, which allows them to squeeze through very small spaces.', 'source': 'user', '__v': 0, 'used': False}, {'status': {'verified': True, 'sentCount': 1}, 'type': 'cat', 'deleted': False, '_id': '591f98703b90f7150a19c178', '__v': 0, 'text': 'A cats field of vision is about 185 degrees.', 'source': 'api', 'updatedAt': '2020-08-23T20:20:01.611Z', 'createdAt': '2018-05-06T20:20:02.193Z', 'used': False, 'user': '5a9ac18c7478810ea6c06381'}, {'status': {'verified': None, 'sentCount': 0}, 'type': 'cat', 'deleted': False, '_id': '5ff06cea9aae76001727849a', 'user': '5ff06cd49aae760017278498', 'text': 'HElloasdsajdioioi.', 'createdAt': '2021-01-02T12:54:02.559Z', 'updatedAt': '2021-01-02T12:54:02.559Z', '__v': 0}, {'status': {'verified': True, 'sentCount': 1}, 'type': 'cat', 'deleted': False, '_id': '591f97bcccb34a14d3f7dc95', '__v': 0, 'text': "Declawing a cat is the same as cutting a human's fingers off at the knuckle. There are several alternatives to a complete declawing, including trimming or a less radical (though more involved) surgery to remove the claws. Instead, train your cat to use a scratching post.", 'source': 'api', 'updatedAt': '2020-08-23T20:20:01.611Z', 'createdAt': '2018-01-04T01:10:54.673Z', 'used': False, 'user': '5a9ac18c7478810ea6c06381'}, {'status': {'verified': None, 'sentCount': 0}, 'type': 'cat', 'deleted': False, '_id': '5f8d754fd3656c0017020083', 'used': False, 'source': 'user', 'user': '5f8d7543d3656c0017020082', 'text': 'Asa.', 'createdAt': '2020-10-19T11:15:27.430Z', 'updatedAt': '2020-10-19T11:15:27.430Z', '__v': 0}, {'status': {'verified': None, 'sentCount': 0}, 'type': 'cat', 'deleted': False, '_id': '5fd2186640aac40017e634de', 'used': False, 'source': 'user', 'user': '5fd2167c40aac40017e634dd', 'text': 'This is a test. Curios as a cat.', 'createdAt': '2020-12-10T12:45:26.211Z', 'updatedAt': '2020-12-10T12:45:26.211Z', '__v': 0}, {'status': {'verified': None, 'sentCount': 0}, 'type': 'cat', 'deleted': False, '_id': '5ff2bcfa223fa000176eb2f4', 'user': '5ff2bbea223fa000176eb2db', 'text': 'Ww.', 'createdAt': '2021-01-04T07:00:10.079Z', 'updatedAt': '2021-01-04T07:00:10.079Z', '__v': 0}, {'status': {'verified': True, 'sentCount': 1}, 'type': 'cat', 'deleted': False, '_id': '591f98703b90f7150a19c132', '__v': 0, 'text': 'It may take as long as 2 weeks for a kitten to be able to hear well.  Their eyes usually open between 7 and 10 days, but sometimes it happens in as little as 2 days.', 'source': 'api', 'updatedAt': '2020-08-23T20:20:01.611Z', 'createdAt': '2018-01-04T01:10:54.673Z', 'used': False, 'user': '5a9ac18c7478810ea6c06381'}, {'status': {'verified': True, 'sentCount': 1}, 'type': 'cat', 'deleted': False, '_id': '591f98783b90f7150a19c1ce', '__v': 0, 'text': 'A cat will tremble or shiver when it is in extreme pain.', 'source': 'api', 'updatedAt': '2020-08-23T20:20:01.611Z', 'createdAt': '2018-01-04T01:10:54.673Z', 'used': False, 'user': '5a9ac18c7478810ea6c06381'}, {'status': {'verified': True, 'sentCount': 1}, 'type': 'cat', 'deleted': False, '_id': '591f98348dec2e14e3c20b19', '__v': 0, 'text': 'Cat families usually play best in even numbers. Cats and kittens should be acquired in pairs whenever possible.', 'source': 'api', 'updatedAt': '2020-08-23T20:20:01.611Z', 'createdAt': '2018-08-03T20:20:04.566Z', 'used': False, 'user': '5a9ac18c7478810ea6c06381'}, {'status': {'verified': True, 'sentCount': 1}, 'type': 'cat', 'deleted': False, '_id': '59ceab6d5c87bf0020b94e0a', 'updatedAt': '2020-08-23T20:20:01.611Z', 'createdAt': '2018-02-06T21:20:02.586Z', 'user': '5a9ac18c7478810ea6c06381', 'text': 'The Bombay cat breed was developed to resemble a miniature panther.', 'source': 'user', '__v': 0, 'used': False}, {'status': {'verified': True, 'sentCount': 1}, 'type': 'cat', 'deleted': False, '_id': '5ad9f10f734d1d2de1f501de', 'updatedAt': '2020-08-23T20:20:01.611Z', 'createdAt': '2018-04-19T01:10:54.673Z', 'sendDate': '2018-04-20T20:20:00.673Z', 'user': '5a9ac18c7478810ea6c06381', 'text': 'Exposing cats and dogs to marijuana can help reduce the suffering from a chronic and painful illness.', 'source': 'user', 'used': False}, {'status': {'verified': None, 'sentCount': 0}, 'type': 'cat', 'deleted': False, '_id': '5fdc33d53199db0017746cfa', 'user': '5fdc33bf3199db0017746cf9', 'text': 'Que carajo es está app.', 'createdAt': '2020-12-18T04:45:09.052Z', 'updatedAt': '2020-12-18T04:45:09.052Z', '__v': 0}, {'status': {'verified': True, 'sentCount': 1}, 'type': 'cat', 'deleted': False, '_id': '591f98188dec2e14e3c20b12', '__v': 0, 'text': "A cat's whiskers are thought to be a kind of radar, which helps a cat gauge the space it intends to walk through.", 'source': 'api', 'updatedAt': '2020-08-23T20:20:01.611Z', 'createdAt': '2018-01-04T01:10:54.673Z', 'used': False, 'user': '5a9ac18c7478810ea6c06381'}, {'status': {'verified': True, 'sentCount': 1}, 'type': 'cat', 'deleted': False, '_id': '5b1b411d841d9700146158d9', 'updatedAt': '2020-10-05T01:30:18.673Z', 'createdAt': '2018-06-17T20:20:03.532Z', 'user': '5a9ac18c7478810ea6c06381', 'text': 'The Egyptian Mau’s name is derived from the Middle Egyptian word mjw, which means cat. But contrary to its name, it’s unclear whether the modern Egyptian Mau actually originated in Egypt.', 'source': 'user', '__v': 0, 'used': True}, {'status': {'verified': True, 'sentCount': 1}, 'type': 'cat', 'deleted': False, '_id': '591f98703b90f7150a19c17b', '__v': 0, 'text': 'Cats often overract to unexpected stimuli because of their extremely sensitive nervous system.', 'source': 'api', 'updatedAt': '2020-08-23T20:20:01.611Z', 'createdAt': '2018-01-04T01:10:54.673Z', 'used': False, 'user': '5a9ac18c7478810ea6c06381'}, {'status': {'verified': True, 'sentCount': 1}, 'type': 'cat', 'deleted': False, '_id': '591f98803b90f7150a19c220', '__v': 0, 'text': "Purring not always means happiness. Purring could mean a cat is in terrible pain such as during childbirth. Kitten will purr to their mother to let her know they are getting enough milk while nursing. Purring is a process of inhaling and exhaling, usually performed while the mouth is closed. But don't worry, if your cat is purring while your gently petting her and holding her close to you - that is a happy cat!", 'source': 'api', 'updatedAt': '2020-08-23T20:20:01.611Z', 'createdAt': '2018-01-04T01:10:54.673Z', 'used': False, 'user': '5a9ac18c7478810ea6c06381'}, {'status': {'verified': None, 'sentCount': 0}, 'type': 'cat', 'deleted': False, '_id': '5fd56d4db3fb8b0017357189', 'user': '5fd56c8db3fb8b0017357163', 'text': 'If your cat approaches you with a straight, almost vibrating tail, this means that she is extremely happy to see you.', 'createdAt': '2020-12-13T01:24:29.757Z', 'updatedAt': '2020-12-13T01:24:29.757Z', '__v': 0}, {'status': {'verified': True, 'sentCount': 1}, 'type': 'cat', 'deleted': False, '_id': '5d38bc970f1c57001592f152', 'source': 'user', 'user': '5a9ac18c7478810ea6c06381', 'text': 'The pink substance inside a cat\'s nail is called the "quick" or the "dermis". When trimming your cat\'s nails, be sure to only cut the upper white part of the nail, not the quick.', 'createdAt': '2019-07-24T20:16:23.558Z', 'updatedAt': '2020-08-23T20:20:01.611Z', '__v': 0, 'used': False}, {'status': {'verified': None, 'sentCount': 0}, 'type': 'cat', 'deleted': False, '_id': '6031680ee4f27c001707ef40', 'user': '603167ffe4f27c001707ef32', 'text': 'Cats are great.', 'createdAt': '2021-02-20T19:50:38.924Z', 'updatedAt': '2021-02-20T19:50:38.924Z', '__v': 0}, {'status': {'verified': True, 'sentCount': 1}, 'type': 'cat', 'deleted': False, '_id': '591f98783b90f7150a19c1b5', '__v': 0, 'text': "Cats have 32 muscles that control the outer ear (compared to human's 6 muscles each). A cat can rotate its ears independently 180 degrees, and can turn in the direction of sound 10 times faster than those of the best watchdog.", 'source': 'api', 'updatedAt': '2020-08-23T20:20:01.611Z', 'createdAt': '2018-01-04T01:10:54.673Z', 'used': False, 'user': '5a9ac18c7478810ea6c06381'}, {'status': {'verified': True, 'sentCount': 1}, 'type': 'cat', 'deleted': False, '_id': '591f98703b90f7150a19c153', '__v': 0, 'text': 'Cats have 30 vertebrae (humans have 33 vertebrae during early development; 26 after the sacral and coccygeal regions fuse)', 'source': 'api', 'updatedAt': '2020-08-23T20:20:01.611Z', 'createdAt': '2018-01-04T01:10:54.673Z', 'used': False, 'user': '5a9ac18c7478810ea6c06381'}, {'status': {'verified': True, 'sentCount': 1}, 'type': 'cat', 'deleted': False, '_id': '591f98783b90f7150a19c1c5', '__v': 0, 'text': 'Baking chocolate is the most dangerous chocolate to your cat.', 'source': 'api', 'updatedAt': '2020-08-23T20:20:01.611Z', 'createdAt': '2018-04-17T20:20:02.627Z', 'used': False, 'user': '5a9ac18c7478810ea6c06381'}, {'status': {'verified': True, 'sentCount': 1}, 'type': 'cat', 'deleted': False, '_id': '591f98803b90f7150a19c1ed', '__v': 0, 'text': 'Kittens who are taken along on short, trouble-free car trips to town tend to make good passengers when they get older. They get used to the sounds and motions of traveling and make less connection between the car and the visits to the vet.', 'source': 'api', 'updatedAt': '2020-08-23T20:20:01.611Z', 'createdAt': '2018-01-04T01:10:54.673Z', 'used': False, 'user': '5a9ac18c7478810ea6c06381'}, {'status': {'verified': None, 'sentCount': 0}, 'type': 'cat', 'deleted': False, '_id': '5fb70995be86b1001767c869', 'used': False, 'source': 'user', 'user': '5fb708debe86b1001767c868', 'text': 'Amount=2.', 'createdAt': '2020-11-20T00:11:01.036Z', 'updatedAt': '2020-11-20T00:11:01.036Z', '__v': 0}, {'status': {'verified': True, 'sentCount': 1}, 'type': 'cat', 'deleted': False, '_id': '591f98783b90f7150a19c1a0', '__v': 0, 'text': 'The average lifespan of an outdoor-only cat is about 3 to 5 years while an indoor-only cat can live 16 years or much longer.', 'source': 'api', 'updatedAt': '2020-08-23T20:20:01.611Z', 'createdAt': '2018-06-03T20:20:02.291Z', 'used': False, 'user': '5a9ac18c7478810ea6c06381'}, {'status': {'verified': None, 'sentCount': 0}, 'type': 'cat', 'deleted': False, '_id': '60415d1a96842100171c9b4e', 'user': '60415cf896842100171c9b48', 'text': 'Gato.', 'createdAt': '2021-03-04T22:20:10.075Z', 'updatedAt': '2021-03-04T22:20:10.075Z', '__v': 0}, {'status': {'verified': None, 'sentCount': 0}, 'type': 'cat', 'deleted': False, '_id': '5ff75500e54d7b001760c79c', 'user': '5ff754e7e54d7b001760c79a', 'text': 'Cats are cool.', 'createdAt': '2021-01-07T18:37:52.449Z', 'updatedAt': '2021-01-07T18:37:52.449Z', '__v': 0}, {'status': {'verified': True, 'sentCount': 1}, 'type': 'cat', 'deleted': False, '_id': '5d38be200f1c57001592f157', 'source': 'user', 'user': '5a9ac18c7478810ea6c06381', 'text': 'The Turkish Van is often called the "swimming cat" because they are naturals in the water, thanks in part to their uniquely textured, water-resistant coat.', 'createdAt': '2019-07-24T20:22:56.148Z', 'updatedAt': '2020-08-23T20:20:01.611Z', '__v': 0, 'used': False}, {'status': {'verified': True, 'sentCount': 1}, 'type': 'cat', 'deleted': False, '_id': '591f98a4d369931519ce36a6', '__v': 0, 'text': 'Florence Nightingale owned more than 60 cats in her lifetime.', 'source': 'api', 'updatedAt': '2020-08-23T20:20:01.611Z', 'createdAt': '2018-01-04T01:10:54.673Z', 'used': False, 'user': '5a9ac18c7478810ea6c06381'}, {'status': {'verified': True, 'sentCount': 1}, 'type': 'cat', 'deleted': False, '_id': '591f98b44c120c1529b375f2', '__v': 0, 'text': 'When well treated, a cat can live twenty or more years but the average life span of a domestic cat is 14 years.', 'source': 'api', 'updatedAt': '2020-08-23T20:20:01.611Z', 'createdAt': '2018-01-04T01:10:54.673Z', 'used': False, 'user': '5a9ac18c7478810ea6c06381'}, {'status': {'verified': None, 'sentCount': 0}, 'type': 'cat', 'deleted': False, '_id': '5facf6c45bb52e00170b3c9b', 'used': False, 'source': 'user', 'user': '5facf33e5bb52e00170b3c95', 'text': 'Wtf.', 'createdAt': '2020-11-12T08:48:04.055Z', 'updatedAt': '2020-11-12T08:48:04.055Z', '__v': 0}, {'status': {'verified': None, 'sentCount': 0}, 'type': 'cat', 'deleted': False, '_id': '601579269f481a0017eee3c2', 'user': '601578fe9f481a0017eee39f', 'text': 'Cats are Awesome.', 'createdAt': '2021-01-30T15:20:06.080Z', 'updatedAt': '2021-01-30T15:20:06.080Z', '__v': 0}, {'status': {'verified': None, 'sentCount': 0}, 'type': 'cat', 'deleted': False, '_id': '602a25c8636a710017c9de7a', 'user': '602a2546636a710017c9de54', 'text': 'Cats have four legs.', 'createdAt': '2021-02-15T07:42:00.907Z', 'updatedAt': '2021-02-15T07:42:00.907Z', '__v': 0}, {'status': {'verified': True, 'sentCount': 1}, 'type': 'cat', 'deleted': False, '_id': '591f98783b90f7150a19c1b3', '__v': 0, 'text': 'Today there are about 100 distinct breeds of the domestic cat.', 'source': 'api', 'updatedAt': '2020-08-23T20:20:01.611Z', 'createdAt': '2018-01-04T01:10:54.673Z', 'used': False, 'user': '5a9ac18c7478810ea6c06381'}, {'status': {'verified': None, 'sentCount': 0}, 'type': 'cat', 'deleted': False, '_id': '5ecdda946253f20017f53ec5', 'used': False, 'source': 'user', 'user': '5ecdda686253f20017f53ec4', 'text': 'Cats love womans, dog loves mans.', 'createdAt': '2020-05-27T03:12:20.205Z', 'updatedAt': '2020-08-23T20:20:01.611Z', '__v': 0}, {'status': {'verified': True, 'sentCount': 1}, 'type': 'cat', 'deleted': False, '_id': '58e008340aac31001185ecfb', 'user': '58e007480aac31001185ecef', 'text': 'Cats sleep 70% of their lives.', '__v': 0, 'source': 'user', 'updatedAt': '2020-09-27T20:20:01.902Z', 'createdAt': '2018-01-17T21:20:03.417Z', 'used': True}, {'status': {'verified': None, 'sentCount': 0}, 'type': 'cat', 'deleted': False, '_id': '5fd56d57b3fb8b001735718b', 'user': '5fd56c8db3fb8b0017357163', 'text': 'Meowing is a behavior that cats developed exclusively to communicate with people.', 'createdAt': '2020-12-13T01:24:39.437Z', 'updatedAt': '2020-12-13T01:24:39.437Z', '__v': 0}, {'status': {'verified': True, 'sentCount': 1}, 'type': 'cat', 'deleted': False, '_id': '5d38b69a0f1c57001592f135', 'source': 'user', 'user': '5a9ac18c7478810ea6c06381', 'text': "While we don't know the exact origins of the Russian Blue, it's commonly believed the breed comes from the Archangel Isles in northwestern Russia—the region's cold climate would certainly explain the breed's plush coat.", 'createdAt': '2019-07-24T19:50:50.529Z', 'updatedAt': '2020-08-23T20:20:01.611Z', '__v': 0, 'used': False}, {'status': {'verified': True, 'sentCount': 1}, 'type': 'cat', 'deleted': False, '_id': '5a4d76b16ef087002174c28c', 'updatedAt': '2020-08-23T20:20:01.611Z', 'createdAt': '2018-07-07T20:20:01.381Z', 'user': '5a9ac18c7478810ea6c06381', 'text': 'The first cartoon cat was Felix the Cat in 1919. In 1940, Tom and Jerry starred in the first theatrical cartoon “Puss Gets the Boot.” In 1981 Andrew Lloyd Weber created the musical Cats, based on T.S. Eliot’s Old Possum’s Book of Practical Cats.', 'source': 'user', '__v': 0, 'used': False}, {'status': {'verified': True, 'sentCount': 1}, 'type': 'cat', 'deleted': False, '_id': '591f98803b90f7150a19c23b', '__v': 0, 'text': 'Cats are subject to gum disease and to dental caries. They should have their teeth cleaned by the vet or the cat dentist once a year.', 'source': 'api', 'updatedAt': '2020-08-23T20:20:01.611Z', 'createdAt': '2018-01-04T01:10:54.673Z', 'used': False, 'user': '5a9ac18c7478810ea6c06381'}, {'status': {'verified': True, 'sentCount': 1}, 'type': 'cat', 'deleted': False, '_id': '591f97f08dec2e14e3c20b08', '__v': 0, 'text': 'Cats can be taught to walk on a leash, but a lot of time and patience is required to teach them. The younger the cat is, the easier it will be for them to learn.', 'source': 'api', 'updatedAt': '2020-08-23T20:20:01.611Z', 'createdAt': '2018-01-04T01:10:54.673Z', 'used': False, 'user': '5a9ac18c7478810ea6c06381'}, {'status': {'verified': None, 'sentCount': 0}, 'type': 'cat', 'deleted': False, '_id': '601c1a2c35bf880017a17356', 'user': '601c19c935bf880017a17335', 'text': 'Dfg.', 'createdAt': '2021-02-04T16:00:44.350Z', 'updatedAt': '2021-02-04T16:00:44.350Z', '__v': 0}, {'status': {'verified': True, 'sentCount': 1}, 'type': 'cat', 'deleted': False, '_id': '58e00a090aac31001185ed16', 'user': '58e007480aac31001185ecef', 'text': 'Cats make more than 100 different sounds whereas dogs make around 10.', '__v': 0, 'source': 'user', 'updatedAt': '2020-08-23T20:20:01.611Z', 'createdAt': '2018-02-11T21:20:03.745Z', 'used': False}, {'status': {'verified': True, 'sentCount': 1}, 'type': 'cat', 'deleted': False, '_id': '591f98c5d1f17a153828aa09', '__v': 0, 'text': 'A cat cannot see directly under its nose.', 'source': 'api', 'updatedAt': '2020-08-23T20:20:01.611Z', 'createdAt': '2018-01-04T01:10:54.673Z', 'used': False, 'user': '5a9ac18c7478810ea6c06381'}, {'status': {'verified': None, 'sentCount': 0}, 'type': 'cat', 'deleted': False, '_id': '5feea88a3bbab80017fbd1ff', 'user': '5feea8863bbab80017fbd1fd', 'text': 'Ddddd.', 'createdAt': '2021-01-01T04:43:54.198Z', 'updatedAt': '2021-01-01T04:43:54.198Z', '__v': 0}, {'status': {'verified': True, 'sentCount': 1}, 'type': 'cat', 'deleted': False, '_id': '591f9890d369931519ce3527', '__v': 0, 'text': 'In ancient Egypt, mummies were made of cats, and embalmed mice were placed with them in their tombs. In one ancient city, over 300,000 cat mummies were found.', 'source': 'api', 'updatedAt': '2020-08-23T20:20:01.611Z', 'createdAt': '2018-01-04T01:10:54.673Z', 'used': False, 'user': '5a9ac18c7478810ea6c06381'}, {'status': {'verified': True, 'sentCount': 1}, 'type': 'cat', 'deleted': False, '_id': '58e00be30aac31001185edfe', 'user': '58e007480aac31001185ecef', 'text': 'Cats use their whiskers to detect if they can fit through a space.', '__v': 0, 'source': 'user', 'updatedAt': '2020-08-23T20:20:01.611Z', 'createdAt': '2018-02-26T21:20:04.469Z', 'used': False}, {'status': {'verified': None, 'sentCount': 0}, 'type': 'cat', 'deleted': False, '_id': '5fbed024301880001726be7b', 'used': False, 'source': 'user', 'user': '5fbecf97301880001726be78', 'text': "The Cats Has 7 lives. It's lie, they have more than 7!!.", 'createdAt': '2020-11-25T21:44:04.795Z', 'updatedAt': '2020-11-25T21:44:04.795Z', '__v': 0}, {'status': {'verified': True, 'sentCount': 1}, 'type': 'cat', 'deleted': False, '_id': '591f98803b90f7150a19c240', '__v': 0, 'text': 'A tortoiseshell is black with red or orange markings and a calico is white with patches of red, orange and black.', 'source': 'api', 'updatedAt': '2020-08-23T20:20:01.611Z', 'createdAt': '2018-01-04T01:10:54.673Z', 'used': False, 'user': '5a9ac18c7478810ea6c06381'}, {'status': {'verified': True, 'sentCount': 1}, 'type': 'cat', 'deleted': False, '_id': '591f9890d369931519ce3556', '__v': 0, 'text': 'Tigers have been hunted for their skin, bones, and other body parts, used in traditional Chinese medicine.', 'source': 'api', 'updatedAt': '2020-08-23T20:20:01.611Z', 'createdAt': '2018-05-24T20:20:03.577Z', 'used': False, 'user': '5a9ac18c7478810ea6c06381'}, {'status': {'verified': True, 'sentCount': 1}, 'type': 'cat', 'deleted': False, '_id': '591f98703b90f7150a19c155', '__v': 0, 'text': 'The Maine Coon is 4 to 5 times larger than the Singapura, the smallest breed of cat.', 'source': 'api', 'updatedAt': '2020-08-23T20:20:01.611Z', 'createdAt': '2018-01-04T01:10:54.673Z', 'used': False, 'user': '5a9ac18c7478810ea6c06381'}, {'status': {'verified': True, 'sentCount': 1}, 'type': 'cat', 'deleted': False, '_id': '5b1b4039841d9700146158d2', 'updatedAt': '2020-08-23T20:20:01.611Z', 'createdAt': '2018-06-13T20:20:03.097Z', 'user': '5a9ac18c7478810ea6c06381', 'text': 'When cats bring dead animals back to their humans, they are "teaching them to hunt" as they would with a younger cat.', 'source': 'user', '__v': 0, 'used': False}, {'status': {'verified': True, 'sentCount': 1}, 'type': 'cat', 'deleted': False, '_id': '58e00a850aac31001185ed1a', 'user': '58e007480aac31001185ecef', 'text': 'Cats have a longer-term memory than dogs, especially when they learn by actually doing rather than simply seeing.', '__v': 0, 'source': 'user', 'updatedAt': '2020-08-23T20:20:01.611Z', 'createdAt': '2018-02-18T21:20:03.044Z', 'used': False}, {'status': {'verified': True, 'sentCount': 1}, 'type': 'cat', 'deleted': False, '_id': '5a4bfbbab0810f0021748b91', 'updatedAt': '2020-08-23T20:20:01.611Z', 'createdAt': '2018-01-22T21:20:02.562Z', 'user': '5a9ac18c7478810ea6c06381', 'text': "Lil' Bunny Sue Roux is a cat who was born with no front legs, and walks upright like a kangaroo. https://www.instagram.com/lilbunnysueroux", 'source': 'user', '__v': 0, 'used': False}, {'status': {'verified': True, 'sentCount': 1}, 'type': 'cat', 'deleted': False, '_id': '591f98703b90f7150a19c14f', '__v': 0, 'text': 'Unlike humans, cats do not need to blink their eyes on a regular basis to keep their eyes lubricated.', 'source': 'api', 'updatedAt': '2020-08-23T20:20:01.611Z', 'createdAt': '2018-01-04T01:10:54.673Z', 'used': False, 'user': '5a9ac18c7478810ea6c06381'}, {'status': {'verified': None, 'sentCount': 0}, 'type': 'cat', 'deleted': False, '_id': '5f2c80477329f500172d13bb', 'used': False, 'source': 'user', 'user': '5f2c649a7329f500172d13ba', 'text': 'Potato.', 'createdAt': '2020-08-06T22:12:23.084Z', 'updatedAt': '2020-08-23T20:20:01.611Z', '__v': 0}, {'status': {'verified': None, 'sentCount': 0}, 'type': 'cat', 'deleted': False, '_id': '5f03712d5ac1ed0017c647aa', 'used': False, 'source': 'user', 'user': '5f03708f5ac1ed0017c647a8', 'text': 'Jfhfhf.', 'createdAt': '2020-07-06T18:45:01.805Z', 'updatedAt': '2020-08-23T20:20:01.611Z', '__v': 0}]</msg>
<status status="PASS" starttime="20210308 21:53:39.650" endtime="20210308 21:53:39.652"></status>
</kw>
<kw name="Evaluate" library="BuiltIn">
<doc>Evaluates the given expression in Python and returns the result.</doc>
<arguments>
<arg>len(${response_data})</arg>
</arguments>
<assign>
<var>${count}</var>
</assign>
<msg timestamp="20210308 21:53:39.662" level="INFO">${count} = 100</msg>
<status status="PASS" starttime="20210308 21:53:39.652" endtime="20210308 21:53:39.663"></status>
</kw>
<kw name="${index} IN RANGE [ 0 | ${count} ]" type="for">
<kw name="${index} = 0" type="foritem">
<kw name="Set Variable" library="BuiltIn">
<doc>Returns the given values which can then be assigned to a variables.</doc>
<arguments>
<arg>${response_data[${index}]['type']}</arg>
</arguments>
<assign>
<var>${type}</var>
</assign>
<msg timestamp="20210308 21:53:39.664" level="INFO">${type} = cat</msg>
<status status="PASS" starttime="20210308 21:53:39.663" endtime="20210308 21:53:39.664"></status>
</kw>
<kw name="Evaluate" library="BuiltIn">
<doc>Evaluates the given expression in Python and returns the result.</doc>
<arguments>
<arg>"${type}" in "${types_of_animal}"</arg>
</arguments>
<assign>
<var>${contains}</var>
</assign>
<msg timestamp="20210308 21:53:39.665" level="INFO">${contains} = True</msg>
<status status="PASS" starttime="20210308 21:53:39.664" endtime="20210308 21:53:39.665"></status>
</kw>
<kw name="Should Be True" library="BuiltIn">
<doc>Fails if the given condition is not true.</doc>
<arguments>
<arg>${contains}</arg>
<arg>attribute 'type' returned in reponse is not same as animal_type sent in the request</arg>
</arguments>
<status status="PASS" starttime="20210308 21:53:39.665" endtime="20210308 21:53:39.666"></status>
</kw>
<kw name="Should Match Regexp" library="BuiltIn">
<doc>Fails if ``string`` does not match ``pattern`` as a regular expression.</doc>
<arguments>
<arg>${response_data[${index}]['_id']}</arg>
<arg>^([a-zA-Z0-9])*$</arg>
<arg>invalid data type of attribute '_id'</arg>
</arguments>
<status status="PASS" starttime="20210308 21:53:39.666" endtime="20210308 21:53:39.666"></status>
</kw>
<status status="PASS" starttime="20210308 21:53:39.663" endtime="20210308 21:53:39.666"></status>
</kw>
<kw name="${index} = 1" type="foritem">
<kw name="Set Variable" library="BuiltIn">
<doc>Returns the given values which can then be assigned to a variables.</doc>
<arguments>
<arg>${response_data[${index}]['type']}</arg>
</arguments>
<assign>
<var>${type}</var>
</assign>
<msg timestamp="20210308 21:53:39.667" level="INFO">${type} = cat</msg>
<status status="PASS" starttime="20210308 21:53:39.667" endtime="20210308 21:53:39.668"></status>
</kw>
<kw name="Evaluate" library="BuiltIn">
<doc>Evaluates the given expression in Python and returns the result.</doc>
<arguments>
<arg>"${type}" in "${types_of_animal}"</arg>
</arguments>
<assign>
<var>${contains}</var>
</assign>
<msg timestamp="20210308 21:53:39.668" level="INFO">${contains} = True</msg>
<status status="PASS" starttime="20210308 21:53:39.668" endtime="20210308 21:53:39.668"></status>
</kw>
<kw name="Should Be True" library="BuiltIn">
<doc>Fails if the given condition is not true.</doc>
<arguments>
<arg>${contains}</arg>
<arg>attribute 'type' returned in reponse is not same as animal_type sent in the request</arg>
</arguments>
<status status="PASS" starttime="20210308 21:53:39.669" endtime="20210308 21:53:39.669"></status>
</kw>
<kw name="Should Match Regexp" library="BuiltIn">
<doc>Fails if ``string`` does not match ``pattern`` as a regular expression.</doc>
<arguments>
<arg>${response_data[${index}]['_id']}</arg>
<arg>^([a-zA-Z0-9])*$</arg>
<arg>invalid data type of attribute '_id'</arg>
</arguments>
<status status="PASS" starttime="20210308 21:53:39.669" endtime="20210308 21:53:39.670"></status>
</kw>
<status status="PASS" starttime="20210308 21:53:39.667" endtime="20210308 21:53:39.670"></status>
</kw>
<kw name="${index} = 2" type="foritem">
<kw name="Set Variable" library="BuiltIn">
<doc>Returns the given values which can then be assigned to a variables.</doc>
<arguments>
<arg>${response_data[${index}]['type']}</arg>
</arguments>
<assign>
<var>${type}</var>
</assign>
<msg timestamp="20210308 21:53:39.671" level="INFO">${type} = cat</msg>
<status status="PASS" starttime="20210308 21:53:39.670" endtime="20210308 21:53:39.671"></status>
</kw>
<kw name="Evaluate" library="BuiltIn">
<doc>Evaluates the given expression in Python and returns the result.</doc>
<arguments>
<arg>"${type}" in "${types_of_animal}"</arg>
</arguments>
<assign>
<var>${contains}</var>
</assign>
<msg timestamp="20210308 21:53:39.671" level="INFO">${contains} = True</msg>
<status status="PASS" starttime="20210308 21:53:39.671" endtime="20210308 21:53:39.671"></status>
</kw>
<kw name="Should Be True" library="BuiltIn">
<doc>Fails if the given condition is not true.</doc>
<arguments>
<arg>${contains}</arg>
<arg>attribute 'type' returned in reponse is not same as animal_type sent in the request</arg>
</arguments>
<status status="PASS" starttime="20210308 21:53:39.671" endtime="20210308 21:53:39.672"></status>
</kw>
<kw name="Should Match Regexp" library="BuiltIn">
<doc>Fails if ``string`` does not match ``pattern`` as a regular expression.</doc>
<arguments>
<arg>${response_data[${index}]['_id']}</arg>
<arg>^([a-zA-Z0-9])*$</arg>
<arg>invalid data type of attribute '_id'</arg>
</arguments>
<status status="PASS" starttime="20210308 21:53:39.672" endtime="20210308 21:53:39.672"></status>
</kw>
<status status="PASS" starttime="20210308 21:53:39.670" endtime="20210308 21:53:39.672"></status>
</kw>
<kw name="${index} = 3" type="foritem">
<kw name="Set Variable" library="BuiltIn">
<doc>Returns the given values which can then be assigned to a variables.</doc>
<arguments>
<arg>${response_data[${index}]['type']}</arg>
</arguments>
<assign>
<var>${type}</var>
</assign>
<msg timestamp="20210308 21:53:39.673" level="INFO">${type} = cat</msg>
<status status="PASS" starttime="20210308 21:53:39.672" endtime="20210308 21:53:39.673"></status>
</kw>
<kw name="Evaluate" library="BuiltIn">
<doc>Evaluates the given expression in Python and returns the result.</doc>
<arguments>
<arg>"${type}" in "${types_of_animal}"</arg>
</arguments>
<assign>
<var>${contains}</var>
</assign>
<msg timestamp="20210308 21:53:39.673" level="INFO">${contains} = True</msg>
<status status="PASS" starttime="20210308 21:53:39.673" endtime="20210308 21:53:39.673"></status>
</kw>
<kw name="Should Be True" library="BuiltIn">
<doc>Fails if the given condition is not true.</doc>
<arguments>
<arg>${contains}</arg>
<arg>attribute 'type' returned in reponse is not same as animal_type sent in the request</arg>
</arguments>
<status status="PASS" starttime="20210308 21:53:39.673" endtime="20210308 21:53:39.674"></status>
</kw>
<kw name="Should Match Regexp" library="BuiltIn">
<doc>Fails if ``string`` does not match ``pattern`` as a regular expression.</doc>
<arguments>
<arg>${response_data[${index}]['_id']}</arg>
<arg>^([a-zA-Z0-9])*$</arg>
<arg>invalid data type of attribute '_id'</arg>
</arguments>
<status status="PASS" starttime="20210308 21:53:39.674" endtime="20210308 21:53:39.674"></status>
</kw>
<status status="PASS" starttime="20210308 21:53:39.672" endtime="20210308 21:53:39.674"></status>
</kw>
<kw name="${index} = 4" type="foritem">
<kw name="Set Variable" library="BuiltIn">
<doc>Returns the given values which can then be assigned to a variables.</doc>
<arguments>
<arg>${response_data[${index}]['type']}</arg>
</arguments>
<assign>
<var>${type}</var>
</assign>
<msg timestamp="20210308 21:53:39.675" level="INFO">${type} = cat</msg>
<status status="PASS" starttime="20210308 21:53:39.674" endtime="20210308 21:53:39.675"></status>
</kw>
<kw name="Evaluate" library="BuiltIn">
<doc>Evaluates the given expression in Python and returns the result.</doc>
<arguments>
<arg>"${type}" in "${types_of_animal}"</arg>
</arguments>
<assign>
<var>${contains}</var>
</assign>
<msg timestamp="20210308 21:53:39.675" level="INFO">${contains} = True</msg>
<status status="PASS" starttime="20210308 21:53:39.675" endtime="20210308 21:53:39.675"></status>
</kw>
<kw name="Should Be True" library="BuiltIn">
<doc>Fails if the given condition is not true.</doc>
<arguments>
<arg>${contains}</arg>
<arg>attribute 'type' returned in reponse is not same as animal_type sent in the request</arg>
</arguments>
<status status="PASS" starttime="20210308 21:53:39.675" endtime="20210308 21:53:39.675"></status>
</kw>
<kw name="Should Match Regexp" library="BuiltIn">
<doc>Fails if ``string`` does not match ``pattern`` as a regular expression.</doc>
<arguments>
<arg>${response_data[${index}]['_id']}</arg>
<arg>^([a-zA-Z0-9])*$</arg>
<arg>invalid data type of attribute '_id'</arg>
</arguments>
<status status="PASS" starttime="20210308 21:53:39.676" endtime="20210308 21:53:39.676"></status>
</kw>
<status status="PASS" starttime="20210308 21:53:39.674" endtime="20210308 21:53:39.676"></status>
</kw>
<kw name="${index} = 5" type="foritem">
<kw name="Set Variable" library="BuiltIn">
<doc>Returns the given values which can then be assigned to a variables.</doc>
<arguments>
<arg>${response_data[${index}]['type']}</arg>
</arguments>
<assign>
<var>${type}</var>
</assign>
<msg timestamp="20210308 21:53:39.676" level="INFO">${type} = cat</msg>
<status status="PASS" starttime="20210308 21:53:39.676" endtime="20210308 21:53:39.676"></status>
</kw>
<kw name="Evaluate" library="BuiltIn">
<doc>Evaluates the given expression in Python and returns the result.</doc>
<arguments>
<arg>"${type}" in "${types_of_animal}"</arg>
</arguments>
<assign>
<var>${contains}</var>
</assign>
<msg timestamp="20210308 21:53:39.677" level="INFO">${contains} = True</msg>
<status status="PASS" starttime="20210308 21:53:39.677" endtime="20210308 21:53:39.677"></status>
</kw>
<kw name="Should Be True" library="BuiltIn">
<doc>Fails if the given condition is not true.</doc>
<arguments>
<arg>${contains}</arg>
<arg>attribute 'type' returned in reponse is not same as animal_type sent in the request</arg>
</arguments>
<status status="PASS" starttime="20210308 21:53:39.677" endtime="20210308 21:53:39.677"></status>
</kw>
<kw name="Should Match Regexp" library="BuiltIn">
<doc>Fails if ``string`` does not match ``pattern`` as a regular expression.</doc>
<arguments>
<arg>${response_data[${index}]['_id']}</arg>
<arg>^([a-zA-Z0-9])*$</arg>
<arg>invalid data type of attribute '_id'</arg>
</arguments>
<status status="PASS" starttime="20210308 21:53:39.677" endtime="20210308 21:53:39.678"></status>
</kw>
<status status="PASS" starttime="20210308 21:53:39.676" endtime="20210308 21:53:39.678"></status>
</kw>
<kw name="${index} = 6" type="foritem">
<kw name="Set Variable" library="BuiltIn">
<doc>Returns the given values which can then be assigned to a variables.</doc>
<arguments>
<arg>${response_data[${index}]['type']}</arg>
</arguments>
<assign>
<var>${type}</var>
</assign>
<msg timestamp="20210308 21:53:39.678" level="INFO">${type} = cat</msg>
[...]
<doc>this step validate the response code from suite variable response</doc>
<kw name="Variable Should Exist" library="BuiltIn">
<doc>Fails unless the given variable exists within the current scope.</doc>
<arguments>
<arg>${response}</arg>
<arg>Please set response first.</arg>
</arguments>
<status status="PASS" starttime="20210308 21:53:40.259" endtime="20210308 21:53:40.259"></status>
</kw>
<kw name="Set Variable" library="BuiltIn">
<doc>Returns the given values which can then be assigned to a variables.</doc>
<arguments>
<arg>${response.status_code}</arg>
</arguments>
<assign>
<var>${response_code}</var>
</assign>
<msg timestamp="20210308 21:53:40.260" level="INFO">${response_code} = 200</msg>
<status status="PASS" starttime="20210308 21:53:40.259" endtime="20210308 21:53:40.260"></status>
</kw>
<kw name="Set Variable If" library="BuiltIn">
<doc>Sets variable based on the given condition.</doc>
<arguments>
<arg>${response_code} != 200</arg>
<arg>Getting status with ${response.status_code} while fetching cat facts with parameter</arg>
<arg>${EMPTY}</arg>
</arguments>
<assign>
<var>${failedReason}</var>
</assign>
<msg timestamp="20210308 21:53:40.261" level="INFO">${failedReason} = </msg>
<status status="PASS" starttime="20210308 21:53:40.260" endtime="20210308 21:53:40.261"></status>
</kw>
<kw name="Should Be Empty" library="BuiltIn">
<doc>Verifies that the given item is empty.</doc>
<arguments>
<arg>${failedReason}</arg>
</arguments>
<msg timestamp="20210308 21:53:40.261" level="INFO">Length is 0</msg>
<status status="PASS" starttime="20210308 21:53:40.261" endtime="20210308 21:53:40.262"></status>
</kw>
<status status="PASS" starttime="20210308 21:53:40.258" endtime="20210308 21:53:40.262"></status>
</kw>
<kw name="Validate Response Header" library="keywords">
<doc>this step validate the headers from response header</doc>
<kw name="Variable Should Exist" library="BuiltIn">
<doc>Fails unless the given variable exists within the current scope.</doc>
<arguments>
<arg>${response}</arg>
<arg>Please set response first.</arg>
</arguments>
<status status="PASS" starttime="20210308 21:53:40.263" endtime="20210308 21:53:40.264"></status>
</kw>
<kw name="Set Variable" library="BuiltIn">
<doc>Returns the given values which can then be assigned to a variables.</doc>
<arguments>
<arg>${response.headers}</arg>
</arguments>
<assign>
<var>${header_response}</var>
</assign>
<msg timestamp="20210308 21:53:40.265" level="INFO">${header_response} = {'Server': 'Cowboy', 'Connection': 'keep-alive', 'X-Powered-By': 'Express', 'Access-Control-Allow-Origin': '*', 'Content-Type': 'application/json; charset=utf-8', 'Content-Length': '557', 'Etag': 'W/"...</msg>
<status status="PASS" starttime="20210308 21:53:40.264" endtime="20210308 21:53:40.265"></status>
</kw>
<kw name="Set Variable" library="BuiltIn">
<doc>Returns the given values which can then be assigned to a variables.</doc>
<arguments>
<arg>${header_response['Content-Type']}</arg>
</arguments>
<assign>
<var>${content_type}</var>
</assign>
<msg timestamp="20210308 21:53:40.266" level="INFO">${content_type} = application/json; charset=utf-8</msg>
<status status="PASS" starttime="20210308 21:53:40.265" endtime="20210308 21:53:40.266"></status>
</kw>
<kw name="Should Be True" library="BuiltIn">
<doc>Fails if the given condition is not true.</doc>
<arguments>
<arg>'''${content_type}''' == '''application/json; charset=utf-8''' or '''${content_type}''' == '''text/html; charset=UTF-8'''</arg>
<arg>invalid content type returned</arg>
</arguments>
<status status="PASS" starttime="20210308 21:53:40.266" endtime="20210308 21:53:40.267"></status>
</kw>
<status status="PASS" starttime="20210308 21:53:40.263" endtime="20210308 21:53:40.267"></status>
</kw>
<kw name="Validate Response ID Is '${factid}' And Type Of Animal Is '${animal_type}'" library="keywords">
<doc>Validates the response ID from the API with the factid and the type of animal</doc>
<kw name="Variable Should Exist" library="BuiltIn">
<doc>Fails unless the given variable exists within the current scope.</doc>
<arguments>
<arg>${response}</arg>
<arg>Please set response first.</arg>
</arguments>
<status status="PASS" starttime="20210308 21:53:40.268" endtime="20210308 21:53:40.269"></status>
</kw>
<kw name="Set Variable" library="BuiltIn">
<doc>Returns the given values which can then be assigned to a variables.</doc>
<arguments>
<arg>${response.json()}</arg>
</arguments>
<assign>
<var>${response_data}</var>
</assign>
<msg timestamp="20210308 21:53:40.270" level="INFO">${response_data} = {'status': {'verified': True, 'sentCount': 1}, 'type': 'cat', 'deleted': False, '_id': '591f98d1d1f17a153828aade', '__v': 0, 'text': 'Cats have individual preferences for scratching surfaces and angle...</msg>
<status status="PASS" starttime="20210308 21:53:40.269" endtime="20210308 21:53:40.270"></status>
</kw>
<kw name="Log" library="BuiltIn">
<doc>Logs the given message with the given level.</doc>
<arguments>
<arg>${response_data}</arg>
</arguments>
<msg timestamp="20210308 21:53:40.270" level="INFO">{'status': {'verified': True, 'sentCount': 1}, 'type': 'cat', 'deleted': False, '_id': '591f98d1d1f17a153828aade', '__v': 0, 'text': 'Cats have individual preferences for scratching surfaces and angles. Some are horizontal scratchers while others exercise their claws vertically.', 'source': 'api', 'updatedAt': '2020-08-23T20:20:01.611Z', 'createdAt': '2018-01-04T01:10:54.673Z', 'used': False, 'user': {'name': {'first': 'Alex', 'last': 'Wohlbruck'}, 'photo': 'https://lh3.googleusercontent.com/a-/AOh14GhYgUCf9yFuj-Xt6_X_cDz-5gSusrGde-lerdKqXxA=s50', '_id': '5a9ac18c7478810ea6c06381'}}</msg>
<status status="PASS" starttime="20210308 21:53:40.270" endtime="20210308 21:53:40.271"></status>
</kw>
<kw name="Set Variable" library="BuiltIn">
<doc>Returns the given values which can then be assigned to a variables.</doc>
<arguments>
<arg>${response_data['_id']}</arg>
</arguments>
<assign>
<var>${response_id}</var>
</assign>
<msg timestamp="20210308 21:53:40.271" level="INFO">${response_id} = 591f98d1d1f17a153828aade</msg>
<status status="PASS" starttime="20210308 21:53:40.271" endtime="20210308 21:53:40.271"></status>
</kw>
<kw name="Should Be Equal" library="BuiltIn">
<doc>Fails if the given objects are unequal.</doc>
<arguments>
<arg>${response_id}</arg>
<arg>${factid}</arg>
<arg>recieved id doesn't match with id provided by user</arg>
</arguments>
<status status="PASS" starttime="20210308 21:53:40.271" endtime="20210308 21:53:40.271"></status>
</kw>
<kw name="Should Match Regexp" library="BuiltIn">
<doc>Fails if ``string`` does not match ``pattern`` as a regular expression.</doc>
<arguments>
<arg>${response_id}</arg>
<arg>^([a-zA-Z0-9])*$</arg>
<arg>invalid data type of id</arg>
</arguments>
<status status="PASS" starttime="20210308 21:53:40.271" endtime="20210308 21:53:40.272"></status>
</kw>
<kw name="Set Variable" library="BuiltIn">
<doc>Returns the given values which can then be assigned to a variables.</doc>
<arguments>
<arg>${response_data['type']}</arg>
</arguments>
<assign>
<var>${animal_type}</var>
</assign>
<msg timestamp="20210308 21:53:40.272" level="INFO">${animal_type} = cat</msg>
<status status="PASS" starttime="20210308 21:53:40.272" endtime="20210308 21:53:40.272"></status>
</kw>
<kw name="Evaluate" library="BuiltIn">
<doc>Evaluates the given expression in Python and returns the result.</doc>
<arguments>
<arg>isinstance('${animal_type}', str)</arg>
</arguments>
<assign>
<var>${is_string}</var>
</assign>
<msg timestamp="20210308 21:53:40.273" level="INFO">${is_string} = True</msg>
<status status="PASS" starttime="20210308 21:53:40.272" endtime="20210308 21:53:40.273"></status>
</kw>
<status status="PASS" starttime="20210308 21:53:40.268" endtime="20210308 21:53:40.273"></status>
</kw>
<tags>
<tag>CAT-3</tag>
<tag>DONE</tag>
<tag>P1</tag>
</tags>
<status status="PASS" starttime="20210308 21:53:39.855" endtime="20210308 21:53:40.273" critical="yes"></status>
</test>
<status status="PASS" starttime="20210308 21:53:39.842" endtime="20210308 21:53:40.275"></status>
</suite>
<suite id="s1-s4" name="CAT4 facts with illegal values" source="D:\GitHub\RobotFrameworkDemo\robot\TestCases\CAT4_facts_with_illegal_values.robot">
<test id="s1-s4-t1" name="Validate Querying Facts With Parameters">
<kw name="Query Facts" library="keywords">
<doc>Retrieves the animal facts by calling python method "get_facts" of CatFacts class</doc>
<arguments>
<arg>${animal_type}</arg>
<arg>${amount}</arg>
</arguments>
<kw name="Run Keyword" library="BuiltIn">
<doc>Executes the given keyword with the given arguments.</doc>
<arguments>
<arg>Get Facts</arg>
<arg>${animal_type}</arg>
<arg>${amount}</arg>
</arguments>
<assign>
<var>${response}</var>
</assign>
<kw name="Get Facts" library="CatFacts">
<doc>Retrieve facts about the animals by providing animal_type and amount as the input parameter
:param animal_type: a string of data sent
:param amount: an integer value maximum limit of 500
:return response: The response from the request</doc>
<arguments>
<arg>${animal_type}</arg>
<arg>${amount}</arg>
</arguments>
<status status="PASS" starttime="20210308 21:53:40.303" endtime="20210308 21:53:40.676"></status>
</kw>
<msg timestamp="20210308 21:53:40.677" level="INFO">${response} = &lt;Response [405]&gt;</msg>
<status status="PASS" starttime="20210308 21:53:40.301" endtime="20210308 21:53:40.677"></status>
</kw>
<kw name="Set Suite Variable" library="BuiltIn">
<doc>Makes a variable available everywhere within the scope of the current suite.</doc>
<arguments>
<arg>${response}</arg>
<arg>${response}</arg>
</arguments>
<msg timestamp="20210308 21:53:40.678" level="INFO">${response} = &lt;Response [405]&gt;</msg>
<status status="PASS" starttime="20210308 21:53:40.677" endtime="20210308 21:53:40.678"></status>
</kw>
<status status="PASS" starttime="20210308 21:53:40.301" endtime="20210308 21:53:40.678"></status>
</kw>
<kw name="Run Keyword And Ignore Error" library="BuiltIn">
<doc>Runs the given keyword with the given arguments and ignores possible error.</doc>
<arguments>
<arg>Validate Response Codes</arg>
</arguments>
<assign>
<var>${status}</var>
</assign>
<kw name="Validate Response Codes" library="keywords">
<doc>this step validate the response code from suite variable response</doc>
<kw name="Variable Should Exist" library="BuiltIn">
<doc>Fails unless the given variable exists within the current scope.</doc>
<arguments>
<arg>${response}</arg>
<arg>Please set response first.</arg>
</arguments>
<status status="PASS" starttime="20210308 21:53:40.680" endtime="20210308 21:53:40.681"></status>
</kw>
<kw name="Set Variable" library="BuiltIn">
<doc>Returns the given values which can then be assigned to a variables.</doc>
<arguments>
<arg>${response.status_code}</arg>
</arguments>
<assign>
<var>${response_code}</var>
</assign>
<msg timestamp="20210308 21:53:40.681" level="INFO">${response_code} = 405</msg>
<status status="PASS" starttime="20210308 21:53:40.681" endtime="20210308 21:53:40.681"></status>
</kw>
<kw name="Set Variable If" library="BuiltIn">
<doc>Sets variable based on the given condition.</doc>
<arguments>
<arg>${response_code} != 200</arg>
<arg>Getting status with ${response.status_code} while fetching cat facts with parameter</arg>
<arg>${EMPTY}</arg>
</arguments>
<assign>
<var>${failedReason}</var>
</assign>
<msg timestamp="20210308 21:53:40.683" level="INFO">${failedReason} = Getting status with 405 while fetching cat facts with parameter</msg>
<status status="PASS" starttime="20210308 21:53:40.682" endtime="20210308 21:53:40.683"></status>
</kw>
<kw name="Should Be Empty" library="BuiltIn">
<doc>Verifies that the given item is empty.</doc>
<arguments>
<arg>${failedReason}</arg>
</arguments>
<msg timestamp="20210308 21:53:40.683" level="INFO">Length is 63</msg>
<msg timestamp="20210308 21:53:40.684" level="FAIL">'Getting status with 405 while fetching cat facts with parameter' should be empty.</msg>
<status status="FAIL" starttime="20210308 21:53:40.683" endtime="20210308 21:53:40.684"></status>
</kw>
<status status="FAIL" starttime="20210308 21:53:40.679" endtime="20210308 21:53:40.684"></status>
</kw>
<msg timestamp="20210308 21:53:40.684" level="INFO">${status} = ('FAIL', "'Getting status with 405 while fetching cat facts with parameter' should be empty.")</msg>
<status status="PASS" starttime="20210308 21:53:40.679" endtime="20210308 21:53:40.684"></status>
</kw>
<kw name="Run Keyword If" library="BuiltIn">
<doc>Runs the given keyword with the given arguments, if ``condition`` is true.</doc>
<arguments>
<arg>'''${status[0]}''' == '''PASS'''</arg>
<arg>FAIL</arg>
<arg>API returning OK even with wrong input</arg>
</arguments>
<status status="PASS" starttime="20210308 21:53:40.684" endtime="20210308 21:53:40.685"></status>
</kw>
<kw name="Validate Response Header" library="keywords">
<doc>this step validate the headers from response header</doc>
<kw name="Variable Should Exist" library="BuiltIn">
<doc>Fails unless the given variable exists within the current scope.</doc>
<arguments>
<arg>${response}</arg>
<arg>Please set response first.</arg>
</arguments>
<status status="PASS" starttime="20210308 21:53:40.687" endtime="20210308 21:53:40.687"></status>
</kw>
<kw name="Set Variable" library="BuiltIn">
<doc>Returns the given values which can then be assigned to a variables.</doc>
<arguments>
<arg>${response.headers}</arg>
</arguments>
<assign>
<var>${header_response}</var>
</assign>
<msg timestamp="20210308 21:53:40.688" level="INFO">${header_response} = {'Server': 'Cowboy', 'Connection': 'keep-alive', 'X-Powered-By': 'Express', 'Access-Control-Allow-Origin': '*', 'Content-Type': 'application/json; charset=utf-8', 'Content-Length': '44', 'Etag': 'W/"2...</msg>
<status status="PASS" starttime="20210308 21:53:40.687" endtime="20210308 21:53:40.688"></status>
</kw>
<kw name="Set Variable" library="BuiltIn">
<doc>Returns the given values which can then be assigned to a variables.</doc>
<arguments>
<arg>${header_response['Content-Type']}</arg>
</arguments>
<assign>
<var>${content_type}</var>
</assign>
<msg timestamp="20210308 21:53:40.689" level="INFO">${content_type} = application/json; charset=utf-8</msg>
<status status="PASS" starttime="20210308 21:53:40.688" endtime="20210308 21:53:40.689"></status>
</kw>
<kw name="Should Be True" library="BuiltIn">
<doc>Fails if the given condition is not true.</doc>
<arguments>
<arg>'''${content_type}''' == '''application/json; charset=utf-8''' or '''${content_type}''' == '''text/html; charset=UTF-8'''</arg>
<arg>invalid content type returned</arg>
</arguments>
<status status="PASS" starttime="20210308 21:53:40.689" endtime="20210308 21:53:40.690"></status>
</kw>
<status status="PASS" starttime="20210308 21:53:40.686" endtime="20210308 21:53:40.690"></status>
</kw>
<kw name="Run Keyword And Ignore Error" library="BuiltIn">
<doc>Runs the given keyword with the given arguments and ignores possible error.</doc>
<arguments>
<arg>Validate Response Data</arg>
</arguments>
<assign>
<var>${status}</var>
</assign>
<kw name="Validate Response Data" library="keywords">
<doc>this step validate the attribute like 'type' &amp; '_id' from the response</doc>
<kw name="Variable Should Exist" library="BuiltIn">
<doc>Fails unless the given variable exists within the current scope.</doc>
<arguments>
<arg>${response}</arg>
<arg>Please set response first.</arg>
</arguments>
<status status="PASS" starttime="20210308 21:53:40.692" endtime="20210308 21:53:40.692"></status>
</kw>
<kw name="Set Variable" library="BuiltIn">
<doc>Returns the given values which can then be assigned to a variables.</doc>
<arguments>
<arg>${response.json()}</arg>
</arguments>
<assign>
<var>${response_data}</var>
</assign>
<msg timestamp="20210308 21:53:40.693" level="INFO">${response_data} = {'message': 'Limited to 500 facts at a time'}</msg>
<status status="PASS" starttime="20210308 21:53:40.693" endtime="20210308 21:53:40.693"></status>
</kw>
<kw name="Log" library="BuiltIn">
<doc>Logs the given message with the given level.</doc>
<arguments>
<arg>${response_data}</arg>
</arguments>
<msg timestamp="20210308 21:53:40.694" level="INFO">{'message': 'Limited to 500 facts at a time'}</msg>
<status status="PASS" starttime="20210308 21:53:40.694" endtime="20210308 21:53:40.694"></status>
</kw>
<kw name="Evaluate" library="BuiltIn">
<doc>Evaluates the given expression in Python and returns the result.</doc>
<arguments>
<arg>len(${response_data})</arg>
</arguments>
<assign>
<var>${count}</var>
</assign>
<msg timestamp="20210308 21:53:40.695" level="INFO">${count} = 1</msg>
<status status="PASS" starttime="20210308 21:53:40.694" endtime="20210308 21:53:40.695"></status>
</kw>
<kw name="${index} IN RANGE [ 0 | ${count} ]" type="for">
<kw name="${index} = 0" type="foritem">
<kw name="Set Variable" library="BuiltIn">
<doc>Returns the given values which can then be assigned to a variables.</doc>
<arguments>
<arg>${response_data[${index}]['type']}</arg>
</arguments>
<assign>
<var>${type}</var>
</assign>
<msg timestamp="20210308 21:53:40.696" level="FAIL">Resolving variable '${response_data[0]['type']}' failed: KeyError: 0</msg>
<status status="FAIL" starttime="20210308 21:53:40.695" endtime="20210308 21:53:40.696"></status>
</kw>
<status status="FAIL" starttime="20210308 21:53:40.695" endtime="20210308 21:53:40.696"></status>
</kw>
<status status="FAIL" starttime="20210308 21:53:40.695" endtime="20210308 21:53:40.696"></status>
</kw>
<status status="FAIL" starttime="20210308 21:53:40.691" endtime="20210308 21:53:40.697"></status>
</kw>
<msg timestamp="20210308 21:53:40.697" level="INFO">${status} = ('FAIL', "Resolving variable '${response_data[0]['type']}' failed: KeyError: 0")</msg>
<status status="PASS" starttime="20210308 21:53:40.691" endtime="20210308 21:53:40.697"></status>
</kw>
<kw name="Run Keyword If" library="BuiltIn">
<doc>Runs the given keyword with the given arguments, if ``condition`` is true.</doc>
<arguments>
<arg>'''${status[0]}''' == '''PASS'''</arg>
<arg>FAIL</arg>
<arg>API returning OK even with wrong input</arg>
</arguments>
<status status="PASS" starttime="20210308 21:53:40.698" endtime="20210308 21:53:40.698"></status>
</kw>
<tags>
<tag>CAT-4</tag>
<tag>DONE</tag>
<tag>P1</tag>
</tags>
<status status="PASS" starttime="20210308 21:53:40.300" endtime="20210308 21:53:40.699" critical="yes"></status>
</test>
<status status="PASS" starttime="20210308 21:53:40.287" endtime="20210308 21:53:40.702"></status>
</suite>
<status status="PASS" starttime="20210308 21:53:37.389" endtime="20210308 21:53:40.711"></status>
</suite>
<statistics>
<total>
<stat pass="5" fail="0">Critical Tests</stat>
<stat pass="5" fail="0">All Tests</stat>
</total>
<tag>
<stat pass="2" fail="0">CAT-1</stat>
<stat pass="1" fail="0">CAT-2</stat>
<stat pass="1" fail="0">CAT-3</stat>
<stat pass="1" fail="0">CAT-4</stat>
<stat pass="5" fail="0">DONE</stat>
<stat pass="5" fail="0">P1</stat>
</tag>
<suite>
<stat pass="5" fail="0" id="s1" name="TestCases">TestCases</stat>
<stat pass="2" fail="0" id="s1-s1" name="CAT1 facts without parameter">TestCases.CAT1 facts without parameter</stat>
<stat pass="1" fail="0" id="s1-s2" name="CAT2 facts with parameters">TestCases.CAT2 facts with parameters</stat>
<stat pass="1" fail="0" id="s1-s3" name="CAT3 facts by factid">TestCases.CAT3 facts by factid</stat>
<stat pass="1" fail="0" id="s1-s4" name="CAT4 facts with illegal values">TestCases.CAT4 facts with illegal values</stat>
</suite>
</statistics>
<errors>
</errors>
</robot>
